<?xml version="1.0" encoding="UTF-8"?>
<!-- Generated by org.testng.reporters.JUnitXMLReporter -->
<testsuite hostname="LAPTOP-Q4VAUUHH" name="pom test" tests="12" failures="0" timestamp="26 May 2018 20:18:57 GMT" time="14.273" errors="0">
  <testcase name="goHome" time="5.406" classname="pomtest.HomeTest"/>
  <testcase name="clickHome" time="1.125" classname="pomtest.HomeTest"/>
  <testcase name="clickManageBatch" time="1.17" classname="pomtest.HomeTest"/>
  <testcase name="clickAssessBatch" time="1.628" classname="pomtest.HomeTest"/>
  <testcase name="clickReports" time="0.249" classname="pomtest.HomeTest"/>
  <testcase name="clickYear" time="0.071" classname="pomtest.ManageTest"/>
  <testcase name="clickCreateBatch" time="2.112" classname="pomtest.ManageTest"/>
  <testcase name="clickImportBatch" time="1.278" classname="pomtest.ManageTest"/>
  <testcase name="listYears" time="0.596" classname="pomtest.ManageYearTest"/>
  <testcase name="listYears" time="0.194" classname="pomtest.ManageYearTest"/>
  <testcase name="listYears" time="0.194" classname="pomtest.ManageYearTest"/>
  <testcase name="listYears" time="0.18" classname="pomtest.ManageYearTest"/>
</testsuite> <!-- pom test -->
