<?xml version="1.0" encoding="UTF-8"?>
<!-- Generated by org.testng.reporters.JUnitXMLReporter -->
<testsuite hostname="LAPTOP-Q4VAUUHH" name="pom test" tests="13" failures="0" timestamp="27 May 2018 03:09:55 GMT" time="15.093" errors="0">
  <testcase name="goHome" time="7.213" classname="pomtest.HomeTest"/>
  <testcase name="clickHome" time="1.158" classname="pomtest.HomeTest"/>
  <testcase name="clickManageBatch" time="1.473" classname="pomtest.HomeTest"/>
  <testcase name="clickAssessBatch" time="0.716" classname="pomtest.HomeTest"/>
  <testcase name="clickReports" time="0.349" classname="pomtest.HomeTest"/>
  <testcase name="inputName" time="0.274" classname="pomtest.ManageCreateTest"/>
  <testcase name="clickYear" time="0.313" classname="pomtest.ManageTest"/>
  <testcase name="clickCreateBatch" time="1.074" classname="pomtest.ManageTest"/>
  <testcase name="clickImportBatch" time="0.998" classname="pomtest.ManageTest"/>
  <testcase name="listYears" time="0.353" classname="pomtest.ManageYearTest"/>
  <testcase name="listYears" time="0.328" classname="pomtest.ManageYearTest"/>
  <testcase name="listYears" time="0.22" classname="pomtest.ManageYearTest"/>
  <testcase name="listYears" time="0.19" classname="pomtest.ManageYearTest"/>
</testsuite> <!-- pom test -->
