<?xml version="1.0" encoding="UTF-8"?>
<!-- Generated by org.testng.reporters.JUnitXMLReporter -->
<testsuite hostname="LAPTOP-Q4VAUUHH" name="pom test" tests="5" failures="0" timestamp="25 May 2018 01:52:19 GMT" time="13.502" errors="0">
  <testcase name="goHome" time="8.966" classname="pomtest.HomeTest"/>
  <testcase name="clickHome" time="1.616" classname="pomtest.HomeTest"/>
  <testcase name="clickManageBatch" time="1.781" classname="pomtest.HomeTest"/>
  <testcase name="clickAssessBatch" time="0.923" classname="pomtest.HomeTest"/>
  <testcase name="clickReports" time="0.202" classname="pomtest.HomeTest"/>
</testsuite> <!-- pom test -->
