<?xml version="1.0" encoding="UTF-8"?>
<testng-results skipped="0" failed="1" total="105" passed="104">
  <reporter-output>
  </reporter-output>
  <suite name="caliber" duration-ms="14121" started-at="2018-05-27T20:26:35Z" finished-at="2018-05-27T20:26:49Z">
    <groups>
    </groups>
    <test name="managecreatetest" duration-ms="14121" started-at="2018-05-27T20:26:35Z" finished-at="2018-05-27T20:26:49Z">
      <class name="pomtest.ManageCreateTest">
        <test-method status="PASS" signature="beforeSuite()[pri:0, instance:pomtest.ManageCreateTest@475530b9]" name="beforeSuite" is-config="true" duration-ms="10288" started-at="2018-05-27T16:26:25Z" finished-at="2018-05-27T16:26:35Z">
          <reporter-output>
          </reporter-output>
        </test-method> <!-- beforeSuite -->
        <test-method status="PASS" signature="inputName()[pri:1, instance:pomtest.ManageCreateTest@475530b9]" name="inputName" duration-ms="549" started-at="2018-05-27T16:26:35Z" finished-at="2018-05-27T16:26:36Z">
          <reporter-output>
          </reporter-output>
        </test-method> <!-- inputName -->
        <test-method status="PASS" signature="selectTraining(java.lang.String)[pri:2, instance:pomtest.ManageCreateTest@475530b9]" name="selectTraining" duration-ms="179" started-at="2018-05-27T16:26:36Z" data-provider="trainingtype" finished-at="2018-05-27T16:26:36Z">
          <params>
            <param index="0">
              <value>
                <![CDATA[Revature]]>
              </value>
            </param>
          </params>
          <reporter-output>
          </reporter-output>
        </test-method> <!-- selectTraining -->
        <test-method status="PASS" signature="selectTraining(java.lang.String)[pri:2, instance:pomtest.ManageCreateTest@475530b9]" name="selectTraining" duration-ms="106" started-at="2018-05-27T16:26:36Z" data-provider="trainingtype" finished-at="2018-05-27T16:26:36Z">
          <params>
            <param index="0">
              <value>
                <![CDATA[Corporate]]>
              </value>
            </param>
          </params>
          <reporter-output>
          </reporter-output>
        </test-method> <!-- selectTraining -->
        <test-method status="PASS" signature="selectTraining(java.lang.String)[pri:2, instance:pomtest.ManageCreateTest@475530b9]" name="selectTraining" duration-ms="102" started-at="2018-05-27T16:26:36Z" data-provider="trainingtype" finished-at="2018-05-27T16:26:36Z">
          <params>
            <param index="0">
              <value>
                <![CDATA[University]]>
              </value>
            </param>
          </params>
          <reporter-output>
          </reporter-output>
        </test-method> <!-- selectTraining -->
        <test-method status="PASS" signature="selectTraining(java.lang.String)[pri:2, instance:pomtest.ManageCreateTest@475530b9]" name="selectTraining" duration-ms="90" started-at="2018-05-27T16:26:36Z" data-provider="trainingtype" finished-at="2018-05-27T16:26:36Z">
          <params>
            <param index="0">
              <value>
                <![CDATA[Other]]>
              </value>
            </param>
          </params>
          <reporter-output>
          </reporter-output>
        </test-method> <!-- selectTraining -->
        <test-method status="PASS" signature="selectSkill(java.lang.String)[pri:3, instance:pomtest.ManageCreateTest@475530b9]" name="selectSkill" duration-ms="134" started-at="2018-05-27T16:26:36Z" data-provider="skill" finished-at="2018-05-27T16:26:36Z">
          <params>
            <param index="0">
              <value>
                <![CDATA[J2EE]]>
              </value>
            </param>
          </params>
          <reporter-output>
          </reporter-output>
        </test-method> <!-- selectSkill -->
        <test-method status="PASS" signature="selectSkill(java.lang.String)[pri:3, instance:pomtest.ManageCreateTest@475530b9]" name="selectSkill" duration-ms="155" started-at="2018-05-27T16:26:36Z" data-provider="skill" finished-at="2018-05-27T16:26:36Z">
          <params>
            <param index="0">
              <value>
                <![CDATA[.NET]]>
              </value>
            </param>
          </params>
          <reporter-output>
          </reporter-output>
        </test-method> <!-- selectSkill -->
        <test-method status="PASS" signature="selectSkill(java.lang.String)[pri:3, instance:pomtest.ManageCreateTest@475530b9]" name="selectSkill" duration-ms="119" started-at="2018-05-27T16:26:36Z" data-provider="skill" finished-at="2018-05-27T16:26:37Z">
          <params>
            <param index="0">
              <value>
                <![CDATA[SDET]]>
              </value>
            </param>
          </params>
          <reporter-output>
          </reporter-output>
        </test-method> <!-- selectSkill -->
        <test-method status="PASS" signature="selectSkill(java.lang.String)[pri:3, instance:pomtest.ManageCreateTest@475530b9]" name="selectSkill" duration-ms="144" started-at="2018-05-27T16:26:37Z" data-provider="skill" finished-at="2018-05-27T16:26:37Z">
          <params>
            <param index="0">
              <value>
                <![CDATA[BPM]]>
              </value>
            </param>
          </params>
          <reporter-output>
          </reporter-output>
        </test-method> <!-- selectSkill -->
        <test-method status="PASS" signature="selectSkill(java.lang.String)[pri:3, instance:pomtest.ManageCreateTest@475530b9]" name="selectSkill" duration-ms="107" started-at="2018-05-27T16:26:37Z" data-provider="skill" finished-at="2018-05-27T16:26:37Z">
          <params>
            <param index="0">
              <value>
                <![CDATA[Appian BPM]]>
              </value>
            </param>
          </params>
          <reporter-output>
          </reporter-output>
        </test-method> <!-- selectSkill -->
        <test-method status="PASS" signature="selectSkill(java.lang.String)[pri:3, instance:pomtest.ManageCreateTest@475530b9]" name="selectSkill" duration-ms="111" started-at="2018-05-27T16:26:37Z" data-provider="skill" finished-at="2018-05-27T16:26:37Z">
          <params>
            <param index="0">
              <value>
                <![CDATA[PEGA BPM]]>
              </value>
            </param>
          </params>
          <reporter-output>
          </reporter-output>
        </test-method> <!-- selectSkill -->
        <test-method status="PASS" signature="selectSkill(java.lang.String)[pri:3, instance:pomtest.ManageCreateTest@475530b9]" name="selectSkill" duration-ms="112" started-at="2018-05-27T16:26:37Z" data-provider="skill" finished-at="2018-05-27T16:26:37Z">
          <params>
            <param index="0">
              <value>
                <![CDATA[Microsoft Dynamics 365]]>
              </value>
            </param>
          </params>
          <reporter-output>
          </reporter-output>
        </test-method> <!-- selectSkill -->
        <test-method status="PASS" signature="selectSkill(java.lang.String)[pri:3, instance:pomtest.ManageCreateTest@475530b9]" name="selectSkill" duration-ms="118" started-at="2018-05-27T16:26:37Z" data-provider="skill" finished-at="2018-05-27T16:26:37Z">
          <params>
            <param index="0">
              <value>
                <![CDATA[JTA]]>
              </value>
            </param>
          </params>
          <reporter-output>
          </reporter-output>
        </test-method> <!-- selectSkill -->
        <test-method status="PASS" signature="selectSkill(java.lang.String)[pri:3, instance:pomtest.ManageCreateTest@475530b9]" name="selectSkill" duration-ms="136" started-at="2018-05-27T16:26:37Z" data-provider="skill" finished-at="2018-05-27T16:26:37Z">
          <params>
            <param index="0">
              <value>
                <![CDATA[Microservices]]>
              </value>
            </param>
          </params>
          <reporter-output>
          </reporter-output>
        </test-method> <!-- selectSkill -->
        <test-method status="PASS" signature="selectSkill(java.lang.String)[pri:3, instance:pomtest.ManageCreateTest@475530b9]" name="selectSkill" duration-ms="90" started-at="2018-05-27T16:26:37Z" data-provider="skill" finished-at="2018-05-27T16:26:37Z">
          <params>
            <param index="0">
              <value>
                <![CDATA[Oracle Fusion]]>
              </value>
            </param>
          </params>
          <reporter-output>
          </reporter-output>
        </test-method> <!-- selectSkill -->
        <test-method status="PASS" signature="selectSkill(java.lang.String)[pri:3, instance:pomtest.ManageCreateTest@475530b9]" name="selectSkill" duration-ms="91" started-at="2018-05-27T16:26:37Z" data-provider="skill" finished-at="2018-05-27T16:26:37Z">
          <params>
            <param index="0">
              <value>
                <![CDATA[Salesforce]]>
              </value>
            </param>
          </params>
          <reporter-output>
          </reporter-output>
        </test-method> <!-- selectSkill -->
        <test-method status="PASS" signature="selectSkill(java.lang.String)[pri:3, instance:pomtest.ManageCreateTest@475530b9]" name="selectSkill" duration-ms="91" started-at="2018-05-27T16:26:37Z" data-provider="skill" finished-at="2018-05-27T16:26:38Z">
          <params>
            <param index="0">
              <value>
                <![CDATA[Business Analyst]]>
              </value>
            </param>
          </params>
          <reporter-output>
          </reporter-output>
        </test-method> <!-- selectSkill -->
        <test-method status="PASS" signature="selectSkill(java.lang.String)[pri:3, instance:pomtest.ManageCreateTest@475530b9]" name="selectSkill" duration-ms="90" started-at="2018-05-27T16:26:38Z" data-provider="skill" finished-at="2018-05-27T16:26:38Z">
          <params>
            <param index="0">
              <value>
                <![CDATA[System Admin]]>
              </value>
            </param>
          </params>
          <reporter-output>
          </reporter-output>
        </test-method> <!-- selectSkill -->
        <test-method status="PASS" signature="selectSkill(java.lang.String)[pri:3, instance:pomtest.ManageCreateTest@475530b9]" name="selectSkill" duration-ms="87" started-at="2018-05-27T16:26:38Z" data-provider="skill" finished-at="2018-05-27T16:26:38Z">
          <params>
            <param index="0">
              <value>
                <![CDATA[QA]]>
              </value>
            </param>
          </params>
          <reporter-output>
          </reporter-output>
        </test-method> <!-- selectSkill -->
        <test-method status="PASS" signature="selectSkill(java.lang.String)[pri:3, instance:pomtest.ManageCreateTest@475530b9]" name="selectSkill" duration-ms="101" started-at="2018-05-27T16:26:38Z" data-provider="skill" finished-at="2018-05-27T16:26:38Z">
          <params>
            <param index="0">
              <value>
                <![CDATA[Other]]>
              </value>
            </param>
          </params>
          <reporter-output>
          </reporter-output>
        </test-method> <!-- selectSkill -->
        <test-method status="PASS" signature="selectLocation(java.lang.String, java.lang.String)[pri:4, instance:pomtest.ManageCreateTest@475530b9]" name="selectLocation" duration-ms="116" started-at="2018-05-27T16:26:38Z" data-provider="location" finished-at="2018-05-27T16:26:38Z">
          <params>
            <param index="0">
              <value>
                <![CDATA[NY]]>
              </value>
            </param>
            <param index="1">
              <value>
                <![CDATA[Tech Incubator at Queens College, 65-30 Kissena Blvd, CEP Hall 2 Queens NY 11367]]>
              </value>
            </param>
          </params>
          <reporter-output>
          </reporter-output>
        </test-method> <!-- selectLocation -->
        <test-method status="PASS" signature="selectLocation(java.lang.String, java.lang.String)[pri:4, instance:pomtest.ManageCreateTest@475530b9]" name="selectLocation" duration-ms="114" started-at="2018-05-27T16:26:38Z" data-provider="location" finished-at="2018-05-27T16:26:38Z">
          <params>
            <param index="0">
              <value>
                <![CDATA[VA]]>
              </value>
            </param>
            <param index="1">
              <value>
                <![CDATA[Revature LLC, 11730 Plaza America Drive, 2nd Floor Reston VA 20190]]>
              </value>
            </param>
          </params>
          <reporter-output>
          </reporter-output>
        </test-method> <!-- selectLocation -->
        <test-method status="PASS" signature="selectTrainer(java.lang.String)[pri:5, instance:pomtest.ManageCreateTest@475530b9]" name="selectTrainer" duration-ms="132" started-at="2018-05-27T16:26:38Z" data-provider="trainers" finished-at="2018-05-27T16:26:38Z">
          <params>
            <param index="0">
              <value>
                <![CDATA[123]]>
              </value>
            </param>
          </params>
          <reporter-output>
          </reporter-output>
        </test-method> <!-- selectTrainer -->
        <test-method status="PASS" signature="selectTrainer(java.lang.String)[pri:5, instance:pomtest.ManageCreateTest@475530b9]" name="selectTrainer" duration-ms="116" started-at="2018-05-27T16:26:38Z" data-provider="trainers" finished-at="2018-05-27T16:26:38Z">
          <params>
            <param index="0">
              <value>
                <![CDATA[Name]]>
              </value>
            </param>
          </params>
          <reporter-output>
          </reporter-output>
        </test-method> <!-- selectTrainer -->
        <test-method status="PASS" signature="selectTrainer(java.lang.String)[pri:5, instance:pomtest.ManageCreateTest@475530b9]" name="selectTrainer" duration-ms="95" started-at="2018-05-27T16:26:38Z" data-provider="trainers" finished-at="2018-05-27T16:26:38Z">
          <params>
            <param index="0">
              <value>
                <![CDATA[bfs]]>
              </value>
            </param>
          </params>
          <reporter-output>
          </reporter-output>
        </test-method> <!-- selectTrainer -->
        <test-method status="PASS" signature="selectTrainer(java.lang.String)[pri:5, instance:pomtest.ManageCreateTest@475530b9]" name="selectTrainer" duration-ms="88" started-at="2018-05-27T16:26:38Z" data-provider="trainers" finished-at="2018-05-27T16:26:38Z">
          <params>
            <param index="0">
              <value>
                <![CDATA[Patrick Walsh]]>
              </value>
            </param>
          </params>
          <reporter-output>
          </reporter-output>
        </test-method> <!-- selectTrainer -->
        <test-method status="PASS" signature="selectTrainer(java.lang.String)[pri:5, instance:pomtest.ManageCreateTest@475530b9]" name="selectTrainer" duration-ms="89" started-at="2018-05-27T16:26:38Z" data-provider="trainers" finished-at="2018-05-27T16:26:39Z">
          <params>
            <param index="0">
              <value>
                <![CDATA[Dan Pickles]]>
              </value>
            </param>
          </params>
          <reporter-output>
          </reporter-output>
        </test-method> <!-- selectTrainer -->
        <test-method status="PASS" signature="selectTrainer(java.lang.String)[pri:5, instance:pomtest.ManageCreateTest@475530b9]" name="selectTrainer" duration-ms="90" started-at="2018-05-27T16:26:39Z" data-provider="trainers" finished-at="2018-05-27T16:26:39Z">
          <params>
            <param index="0">
              <value>
                <![CDATA[Karan Dhirar]]>
              </value>
            </param>
          </params>
          <reporter-output>
          </reporter-output>
        </test-method> <!-- selectTrainer -->
        <test-method status="PASS" signature="selectTrainer(java.lang.String)[pri:5, instance:pomtest.ManageCreateTest@475530b9]" name="selectTrainer" duration-ms="85" started-at="2018-05-27T16:26:39Z" data-provider="trainers" finished-at="2018-05-27T16:26:39Z">
          <params>
            <param index="0">
              <value>
                <![CDATA[Brian Connolly]]>
              </value>
            </param>
          </params>
          <reporter-output>
          </reporter-output>
        </test-method> <!-- selectTrainer -->
        <test-method status="PASS" signature="selectTrainer(java.lang.String)[pri:5, instance:pomtest.ManageCreateTest@475530b9]" name="selectTrainer" duration-ms="93" started-at="2018-05-27T16:26:39Z" data-provider="trainers" finished-at="2018-05-27T16:26:39Z">
          <params>
            <param index="0">
              <value>
                <![CDATA[Genesis Bonds]]>
              </value>
            </param>
          </params>
          <reporter-output>
          </reporter-output>
        </test-method> <!-- selectTrainer -->
        <test-method status="PASS" signature="selectTrainer(java.lang.String)[pri:5, instance:pomtest.ManageCreateTest@475530b9]" name="selectTrainer" duration-ms="118" started-at="2018-05-27T16:26:39Z" data-provider="trainers" finished-at="2018-05-27T16:26:39Z">
          <params>
            <param index="0">
              <value>
                <![CDATA[Ankit Garg]]>
              </value>
            </param>
          </params>
          <reporter-output>
          </reporter-output>
        </test-method> <!-- selectTrainer -->
        <test-method status="PASS" signature="selectTrainer(java.lang.String)[pri:5, instance:pomtest.ManageCreateTest@475530b9]" name="selectTrainer" duration-ms="93" started-at="2018-05-27T16:26:39Z" data-provider="trainers" finished-at="2018-05-27T16:26:39Z">
          <params>
            <param index="0">
              <value>
                <![CDATA[Ryan Lessley]]>
              </value>
            </param>
          </params>
          <reporter-output>
          </reporter-output>
        </test-method> <!-- selectTrainer -->
        <test-method status="PASS" signature="selectTrainer(java.lang.String)[pri:5, instance:pomtest.ManageCreateTest@475530b9]" name="selectTrainer" duration-ms="84" started-at="2018-05-27T16:26:39Z" data-provider="trainers" finished-at="2018-05-27T16:26:39Z">
          <params>
            <param index="0">
              <value>
                <![CDATA[Steven Kelsey]]>
              </value>
            </param>
          </params>
          <reporter-output>
          </reporter-output>
        </test-method> <!-- selectTrainer -->
        <test-method status="PASS" signature="selectTrainer(java.lang.String)[pri:5, instance:pomtest.ManageCreateTest@475530b9]" name="selectTrainer" duration-ms="113" started-at="2018-05-27T16:26:39Z" data-provider="trainers" finished-at="2018-05-27T16:26:39Z">
          <params>
            <param index="0">
              <value>
                <![CDATA[Emily Higgins]]>
              </value>
            </param>
          </params>
          <reporter-output>
          </reporter-output>
        </test-method> <!-- selectTrainer -->
        <test-method status="PASS" signature="selectTrainer(java.lang.String)[pri:5, instance:pomtest.ManageCreateTest@475530b9]" name="selectTrainer" duration-ms="111" started-at="2018-05-27T16:26:39Z" data-provider="trainers" finished-at="2018-05-27T16:26:39Z">
          <params>
            <param index="0">
              <value>
                <![CDATA[Taylor Kemper]]>
              </value>
            </param>
          </params>
          <reporter-output>
          </reporter-output>
        </test-method> <!-- selectTrainer -->
        <test-method status="PASS" signature="selectTrainer(java.lang.String)[pri:5, instance:pomtest.ManageCreateTest@475530b9]" name="selectTrainer" duration-ms="94" started-at="2018-05-27T16:26:39Z" data-provider="trainers" finished-at="2018-05-27T16:26:39Z">
          <params>
            <param index="0">
              <value>
                <![CDATA[Richard Orr]]>
              </value>
            </param>
          </params>
          <reporter-output>
          </reporter-output>
        </test-method> <!-- selectTrainer -->
        <test-method status="PASS" signature="selectTrainer(java.lang.String)[pri:5, instance:pomtest.ManageCreateTest@475530b9]" name="selectTrainer" duration-ms="89" started-at="2018-05-27T16:26:39Z" data-provider="trainers" finished-at="2018-05-27T16:26:40Z">
          <params>
            <param index="0">
              <value>
                <![CDATA[Nickolas Jurczak]]>
              </value>
            </param>
          </params>
          <reporter-output>
          </reporter-output>
        </test-method> <!-- selectTrainer -->
        <test-method status="PASS" signature="selectTrainer(java.lang.String)[pri:5, instance:pomtest.ManageCreateTest@475530b9]" name="selectTrainer" duration-ms="98" started-at="2018-05-27T16:26:40Z" data-provider="trainers" finished-at="2018-05-27T16:26:40Z">
          <params>
            <param index="0">
              <value>
                <![CDATA[August Duet]]>
              </value>
            </param>
          </params>
          <reporter-output>
          </reporter-output>
        </test-method> <!-- selectTrainer -->
        <test-method status="PASS" signature="selectTrainer(java.lang.String)[pri:5, instance:pomtest.ManageCreateTest@475530b9]" name="selectTrainer" duration-ms="85" started-at="2018-05-27T16:26:40Z" data-provider="trainers" finished-at="2018-05-27T16:26:40Z">
          <params>
            <param index="0">
              <value>
                <![CDATA[Yuvaraj Damodaran]]>
              </value>
            </param>
          </params>
          <reporter-output>
          </reporter-output>
        </test-method> <!-- selectTrainer -->
        <test-method status="PASS" signature="selectTrainer(java.lang.String)[pri:5, instance:pomtest.ManageCreateTest@475530b9]" name="selectTrainer" duration-ms="87" started-at="2018-05-27T16:26:40Z" data-provider="trainers" finished-at="2018-05-27T16:26:40Z">
          <params>
            <param index="0">
              <value>
                <![CDATA[Fred Belotte]]>
              </value>
            </param>
          </params>
          <reporter-output>
          </reporter-output>
        </test-method> <!-- selectTrainer -->
        <test-method status="PASS" signature="selectTrainer(java.lang.String)[pri:5, instance:pomtest.ManageCreateTest@475530b9]" name="selectTrainer" duration-ms="84" started-at="2018-05-27T16:26:40Z" data-provider="trainers" finished-at="2018-05-27T16:26:40Z">
          <params>
            <param index="0">
              <value>
                <![CDATA[Mehrab Rahman]]>
              </value>
            </param>
          </params>
          <reporter-output>
          </reporter-output>
        </test-method> <!-- selectTrainer -->
        <test-method status="PASS" signature="selectTrainer(java.lang.String)[pri:5, instance:pomtest.ManageCreateTest@475530b9]" name="selectTrainer" duration-ms="87" started-at="2018-05-27T16:26:40Z" data-provider="trainers" finished-at="2018-05-27T16:26:40Z">
          <params>
            <param index="0">
              <value>
                <![CDATA[Peter Alagna]]>
              </value>
            </param>
          </params>
          <reporter-output>
          </reporter-output>
        </test-method> <!-- selectTrainer -->
        <test-method status="PASS" signature="selectTrainer(java.lang.String)[pri:5, instance:pomtest.ManageCreateTest@475530b9]" name="selectTrainer" duration-ms="62" started-at="2018-05-27T16:26:40Z" data-provider="trainers" finished-at="2018-05-27T16:26:40Z">
          <params>
            <param index="0">
              <value>
                <![CDATA[Mehrab Rahman]]>
              </value>
            </param>
          </params>
          <reporter-output>
          </reporter-output>
        </test-method> <!-- selectTrainer -->
        <test-method status="PASS" signature="selectTrainer(java.lang.String)[pri:5, instance:pomtest.ManageCreateTest@475530b9]" name="selectTrainer" duration-ms="62" started-at="2018-05-27T16:26:40Z" data-provider="trainers" finished-at="2018-05-27T16:26:40Z">
          <params>
            <param index="0">
              <value>
                <![CDATA[Peter Alagna]]>
              </value>
            </param>
          </params>
          <reporter-output>
          </reporter-output>
        </test-method> <!-- selectTrainer -->
        <test-method status="PASS" signature="selectTrainer(java.lang.String)[pri:5, instance:pomtest.ManageCreateTest@475530b9]" name="selectTrainer" duration-ms="87" started-at="2018-05-27T16:26:40Z" data-provider="trainers" finished-at="2018-05-27T16:26:40Z">
          <params>
            <param index="0">
              <value>
                <![CDATA[Stanley Medikonda]]>
              </value>
            </param>
          </params>
          <reporter-output>
          </reporter-output>
        </test-method> <!-- selectTrainer -->
        <test-method status="PASS" signature="selectTrainer(java.lang.String)[pri:5, instance:pomtest.ManageCreateTest@475530b9]" name="selectTrainer" duration-ms="83" started-at="2018-05-27T16:26:40Z" data-provider="trainers" finished-at="2018-05-27T16:26:40Z">
          <params>
            <param index="0">
              <value>
                <![CDATA[Gray Wynne]]>
              </value>
            </param>
          </params>
          <reporter-output>
          </reporter-output>
        </test-method> <!-- selectTrainer -->
        <test-method status="PASS" signature="selectTrainer(java.lang.String)[pri:5, instance:pomtest.ManageCreateTest@475530b9]" name="selectTrainer" duration-ms="87" started-at="2018-05-27T16:26:40Z" data-provider="trainers" finished-at="2018-05-27T16:26:40Z">
          <params>
            <param index="0">
              <value>
                <![CDATA[Orson Wallace]]>
              </value>
            </param>
          </params>
          <reporter-output>
          </reporter-output>
        </test-method> <!-- selectTrainer -->
        <test-method status="PASS" signature="selectTrainer(java.lang.String)[pri:5, instance:pomtest.ManageCreateTest@475530b9]" name="selectTrainer" duration-ms="83" started-at="2018-05-27T16:26:40Z" data-provider="trainers" finished-at="2018-05-27T16:26:40Z">
          <params>
            <param index="0">
              <value>
                <![CDATA[Shelby Levinson]]>
              </value>
            </param>
          </params>
          <reporter-output>
          </reporter-output>
        </test-method> <!-- selectTrainer -->
        <test-method status="PASS" signature="selectTrainer(java.lang.String)[pri:5, instance:pomtest.ManageCreateTest@475530b9]" name="selectTrainer" duration-ms="59" started-at="2018-05-27T16:26:40Z" data-provider="trainers" finished-at="2018-05-27T16:26:41Z">
          <params>
            <param index="0">
              <value>
                <![CDATA[Gray Wynne]]>
              </value>
            </param>
          </params>
          <reporter-output>
          </reporter-output>
        </test-method> <!-- selectTrainer -->
        <test-method status="PASS" signature="selectTrainer(java.lang.String)[pri:5, instance:pomtest.ManageCreateTest@475530b9]" name="selectTrainer" duration-ms="57" started-at="2018-05-27T16:26:41Z" data-provider="trainers" finished-at="2018-05-27T16:26:41Z">
          <params>
            <param index="0">
              <value>
                <![CDATA[Orson Wallace]]>
              </value>
            </param>
          </params>
          <reporter-output>
          </reporter-output>
        </test-method> <!-- selectTrainer -->
        <test-method status="PASS" signature="selectTrainer(java.lang.String)[pri:5, instance:pomtest.ManageCreateTest@475530b9]" name="selectTrainer" duration-ms="65" started-at="2018-05-27T16:26:41Z" data-provider="trainers" finished-at="2018-05-27T16:26:41Z">
          <params>
            <param index="0">
              <value>
                <![CDATA[Shelby Levinson]]>
              </value>
            </param>
          </params>
          <reporter-output>
          </reporter-output>
        </test-method> <!-- selectTrainer -->
        <test-method status="PASS" signature="selectTrainer(java.lang.String)[pri:5, instance:pomtest.ManageCreateTest@475530b9]" name="selectTrainer" duration-ms="83" started-at="2018-05-27T16:26:41Z" data-provider="trainers" finished-at="2018-05-27T16:26:41Z">
          <params>
            <param index="0">
              <value>
                <![CDATA[Walter Payne]]>
              </value>
            </param>
          </params>
          <reporter-output>
          </reporter-output>
        </test-method> <!-- selectTrainer -->
        <test-method status="PASS" signature="selectTrainer(java.lang.String)[pri:5, instance:pomtest.ManageCreateTest@475530b9]" name="selectTrainer" duration-ms="86" started-at="2018-05-27T16:26:41Z" data-provider="trainers" finished-at="2018-05-27T16:26:41Z">
          <params>
            <param index="0">
              <value>
                <![CDATA[Natalie Church]]>
              </value>
            </param>
          </params>
          <reporter-output>
          </reporter-output>
        </test-method> <!-- selectTrainer -->
        <test-method status="PASS" signature="selectTrainer(java.lang.String)[pri:5, instance:pomtest.ManageCreateTest@475530b9]" name="selectTrainer" duration-ms="110" started-at="2018-05-27T16:26:41Z" data-provider="trainers" finished-at="2018-05-27T16:26:41Z">
          <params>
            <param index="0">
              <value>
                <![CDATA[Archer Radcliff]]>
              </value>
            </param>
          </params>
          <reporter-output>
          </reporter-output>
        </test-method> <!-- selectTrainer -->
        <test-method status="PASS" signature="selectTrainer(java.lang.String)[pri:5, instance:pomtest.ManageCreateTest@475530b9]" name="selectTrainer" duration-ms="82" started-at="2018-05-27T16:26:41Z" data-provider="trainers" finished-at="2018-05-27T16:26:41Z">
          <params>
            <param index="0">
              <value>
                <![CDATA[Rajesh Yamunachari]]>
              </value>
            </param>
          </params>
          <reporter-output>
          </reporter-output>
        </test-method> <!-- selectTrainer -->
        <test-method status="PASS" signature="selectTrainer(java.lang.String)[pri:5, instance:pomtest.ManageCreateTest@475530b9]" name="selectTrainer" duration-ms="80" started-at="2018-05-27T16:26:41Z" data-provider="trainers" finished-at="2018-05-27T16:26:41Z">
          <params>
            <param index="0">
              <value>
                <![CDATA[Raghavan Swaminathan]]>
              </value>
            </param>
          </params>
          <reporter-output>
          </reporter-output>
        </test-method> <!-- selectTrainer -->
        <test-method status="PASS" signature="selectTrainer(java.lang.String)[pri:5, instance:pomtest.ManageCreateTest@475530b9]" name="selectTrainer" duration-ms="81" started-at="2018-05-27T16:26:41Z" data-provider="trainers" finished-at="2018-05-27T16:26:41Z">
          <params>
            <param index="0">
              <value>
                <![CDATA[Marvin]]>
              </value>
            </param>
          </params>
          <reporter-output>
          </reporter-output>
        </test-method> <!-- selectTrainer -->
        <test-method status="PASS" signature="selectTrainer(java.lang.String)[pri:5, instance:pomtest.ManageCreateTest@475530b9]" name="selectTrainer" duration-ms="83" started-at="2018-05-27T16:26:41Z" data-provider="trainers" finished-at="2018-05-27T16:26:41Z">
          <params>
            <param index="0">
              <value>
                <![CDATA[Spongebob Squarepants]]>
              </value>
            </param>
          </params>
          <reporter-output>
          </reporter-output>
        </test-method> <!-- selectTrainer -->
        <test-method status="PASS" signature="selectTrainer(java.lang.String)[pri:5, instance:pomtest.ManageCreateTest@475530b9]" name="selectTrainer" duration-ms="84" started-at="2018-05-27T16:26:41Z" data-provider="trainers" finished-at="2018-05-27T16:26:41Z">
          <params>
            <param index="0">
              <value>
                <![CDATA[Kermit Frog]]>
              </value>
            </param>
          </params>
          <reporter-output>
          </reporter-output>
        </test-method> <!-- selectTrainer -->
        <test-method status="PASS" signature="selectTrainer(java.lang.String)[pri:5, instance:pomtest.ManageCreateTest@475530b9]" name="selectTrainer" duration-ms="81" started-at="2018-05-27T16:26:41Z" data-provider="trainers" finished-at="2018-05-27T16:26:41Z">
          <params>
            <param index="0">
              <value>
                <![CDATA[!@#$%^&*()]]>
              </value>
            </param>
          </params>
          <reporter-output>
          </reporter-output>
        </test-method> <!-- selectTrainer -->
        <test-method status="PASS" signature="selectCotrainer(java.lang.String)[pri:6, instance:pomtest.ManageCreateTest@475530b9]" name="selectCotrainer" duration-ms="102" started-at="2018-05-27T16:26:41Z" data-provider="trainers" finished-at="2018-05-27T16:26:42Z">
          <params>
            <param index="0">
              <value>
                <![CDATA[123]]>
              </value>
            </param>
          </params>
          <reporter-output>
          </reporter-output>
        </test-method> <!-- selectCotrainer -->
        <test-method status="PASS" signature="selectCotrainer(java.lang.String)[pri:6, instance:pomtest.ManageCreateTest@475530b9]" name="selectCotrainer" duration-ms="111" started-at="2018-05-27T16:26:42Z" data-provider="trainers" finished-at="2018-05-27T16:26:42Z">
          <params>
            <param index="0">
              <value>
                <![CDATA[Name]]>
              </value>
            </param>
          </params>
          <reporter-output>
          </reporter-output>
        </test-method> <!-- selectCotrainer -->
        <test-method status="PASS" signature="selectCotrainer(java.lang.String)[pri:6, instance:pomtest.ManageCreateTest@475530b9]" name="selectCotrainer" duration-ms="98" started-at="2018-05-27T16:26:42Z" data-provider="trainers" finished-at="2018-05-27T16:26:42Z">
          <params>
            <param index="0">
              <value>
                <![CDATA[bfs]]>
              </value>
            </param>
          </params>
          <reporter-output>
          </reporter-output>
        </test-method> <!-- selectCotrainer -->
        <test-method status="PASS" signature="selectCotrainer(java.lang.String)[pri:6, instance:pomtest.ManageCreateTest@475530b9]" name="selectCotrainer" duration-ms="92" started-at="2018-05-27T16:26:42Z" data-provider="trainers" finished-at="2018-05-27T16:26:42Z">
          <params>
            <param index="0">
              <value>
                <![CDATA[Patrick Walsh]]>
              </value>
            </param>
          </params>
          <reporter-output>
          </reporter-output>
        </test-method> <!-- selectCotrainer -->
        <test-method status="PASS" signature="selectCotrainer(java.lang.String)[pri:6, instance:pomtest.ManageCreateTest@475530b9]" name="selectCotrainer" duration-ms="82" started-at="2018-05-27T16:26:42Z" data-provider="trainers" finished-at="2018-05-27T16:26:42Z">
          <params>
            <param index="0">
              <value>
                <![CDATA[Dan Pickles]]>
              </value>
            </param>
          </params>
          <reporter-output>
          </reporter-output>
        </test-method> <!-- selectCotrainer -->
        <test-method status="PASS" signature="selectCotrainer(java.lang.String)[pri:6, instance:pomtest.ManageCreateTest@475530b9]" name="selectCotrainer" duration-ms="88" started-at="2018-05-27T16:26:42Z" data-provider="trainers" finished-at="2018-05-27T16:26:42Z">
          <params>
            <param index="0">
              <value>
                <![CDATA[Karan Dhirar]]>
              </value>
            </param>
          </params>
          <reporter-output>
          </reporter-output>
        </test-method> <!-- selectCotrainer -->
        <test-method status="PASS" signature="selectCotrainer(java.lang.String)[pri:6, instance:pomtest.ManageCreateTest@475530b9]" name="selectCotrainer" duration-ms="82" started-at="2018-05-27T16:26:42Z" data-provider="trainers" finished-at="2018-05-27T16:26:42Z">
          <params>
            <param index="0">
              <value>
                <![CDATA[Brian Connolly]]>
              </value>
            </param>
          </params>
          <reporter-output>
          </reporter-output>
        </test-method> <!-- selectCotrainer -->
        <test-method status="PASS" signature="selectCotrainer(java.lang.String)[pri:6, instance:pomtest.ManageCreateTest@475530b9]" name="selectCotrainer" duration-ms="82" started-at="2018-05-27T16:26:42Z" data-provider="trainers" finished-at="2018-05-27T16:26:42Z">
          <params>
            <param index="0">
              <value>
                <![CDATA[Genesis Bonds]]>
              </value>
            </param>
          </params>
          <reporter-output>
          </reporter-output>
        </test-method> <!-- selectCotrainer -->
        <test-method status="PASS" signature="selectCotrainer(java.lang.String)[pri:6, instance:pomtest.ManageCreateTest@475530b9]" name="selectCotrainer" duration-ms="81" started-at="2018-05-27T16:26:42Z" data-provider="trainers" finished-at="2018-05-27T16:26:42Z">
          <params>
            <param index="0">
              <value>
                <![CDATA[Ankit Garg]]>
              </value>
            </param>
          </params>
          <reporter-output>
          </reporter-output>
        </test-method> <!-- selectCotrainer -->
        <test-method status="PASS" signature="selectCotrainer(java.lang.String)[pri:6, instance:pomtest.ManageCreateTest@475530b9]" name="selectCotrainer" duration-ms="84" started-at="2018-05-27T16:26:42Z" data-provider="trainers" finished-at="2018-05-27T16:26:42Z">
          <params>
            <param index="0">
              <value>
                <![CDATA[Ryan Lessley]]>
              </value>
            </param>
          </params>
          <reporter-output>
          </reporter-output>
        </test-method> <!-- selectCotrainer -->
        <test-method status="PASS" signature="selectCotrainer(java.lang.String)[pri:6, instance:pomtest.ManageCreateTest@475530b9]" name="selectCotrainer" duration-ms="82" started-at="2018-05-27T16:26:42Z" data-provider="trainers" finished-at="2018-05-27T16:26:42Z">
          <params>
            <param index="0">
              <value>
                <![CDATA[Steven Kelsey]]>
              </value>
            </param>
          </params>
          <reporter-output>
          </reporter-output>
        </test-method> <!-- selectCotrainer -->
        <test-method status="PASS" signature="selectCotrainer(java.lang.String)[pri:6, instance:pomtest.ManageCreateTest@475530b9]" name="selectCotrainer" duration-ms="82" started-at="2018-05-27T16:26:42Z" data-provider="trainers" finished-at="2018-05-27T16:26:42Z">
          <params>
            <param index="0">
              <value>
                <![CDATA[Emily Higgins]]>
              </value>
            </param>
          </params>
          <reporter-output>
          </reporter-output>
        </test-method> <!-- selectCotrainer -->
        <test-method status="PASS" signature="selectCotrainer(java.lang.String)[pri:6, instance:pomtest.ManageCreateTest@475530b9]" name="selectCotrainer" duration-ms="84" started-at="2018-05-27T16:26:42Z" data-provider="trainers" finished-at="2018-05-27T16:26:43Z">
          <params>
            <param index="0">
              <value>
                <![CDATA[Taylor Kemper]]>
              </value>
            </param>
          </params>
          <reporter-output>
          </reporter-output>
        </test-method> <!-- selectCotrainer -->
        <test-method status="PASS" signature="selectCotrainer(java.lang.String)[pri:6, instance:pomtest.ManageCreateTest@475530b9]" name="selectCotrainer" duration-ms="109" started-at="2018-05-27T16:26:43Z" data-provider="trainers" finished-at="2018-05-27T16:26:43Z">
          <params>
            <param index="0">
              <value>
                <![CDATA[Richard Orr]]>
              </value>
            </param>
          </params>
          <reporter-output>
          </reporter-output>
        </test-method> <!-- selectCotrainer -->
        <test-method status="PASS" signature="selectCotrainer(java.lang.String)[pri:6, instance:pomtest.ManageCreateTest@475530b9]" name="selectCotrainer" duration-ms="116" started-at="2018-05-27T16:26:43Z" data-provider="trainers" finished-at="2018-05-27T16:26:43Z">
          <params>
            <param index="0">
              <value>
                <![CDATA[Nickolas Jurczak]]>
              </value>
            </param>
          </params>
          <reporter-output>
          </reporter-output>
        </test-method> <!-- selectCotrainer -->
        <test-method status="PASS" signature="selectCotrainer(java.lang.String)[pri:6, instance:pomtest.ManageCreateTest@475530b9]" name="selectCotrainer" duration-ms="86" started-at="2018-05-27T16:26:43Z" data-provider="trainers" finished-at="2018-05-27T16:26:43Z">
          <params>
            <param index="0">
              <value>
                <![CDATA[August Duet]]>
              </value>
            </param>
          </params>
          <reporter-output>
          </reporter-output>
        </test-method> <!-- selectCotrainer -->
        <test-method status="PASS" signature="selectCotrainer(java.lang.String)[pri:6, instance:pomtest.ManageCreateTest@475530b9]" name="selectCotrainer" duration-ms="83" started-at="2018-05-27T16:26:43Z" data-provider="trainers" finished-at="2018-05-27T16:26:43Z">
          <params>
            <param index="0">
              <value>
                <![CDATA[Yuvaraj Damodaran]]>
              </value>
            </param>
          </params>
          <reporter-output>
          </reporter-output>
        </test-method> <!-- selectCotrainer -->
        <test-method status="PASS" signature="selectCotrainer(java.lang.String)[pri:6, instance:pomtest.ManageCreateTest@475530b9]" name="selectCotrainer" duration-ms="95" started-at="2018-05-27T16:26:43Z" data-provider="trainers" finished-at="2018-05-27T16:26:43Z">
          <params>
            <param index="0">
              <value>
                <![CDATA[Fred Belotte]]>
              </value>
            </param>
          </params>
          <reporter-output>
          </reporter-output>
        </test-method> <!-- selectCotrainer -->
        <test-method status="PASS" signature="selectCotrainer(java.lang.String)[pri:6, instance:pomtest.ManageCreateTest@475530b9]" name="selectCotrainer" duration-ms="90" started-at="2018-05-27T16:26:43Z" data-provider="trainers" finished-at="2018-05-27T16:26:43Z">
          <params>
            <param index="0">
              <value>
                <![CDATA[Mehrab Rahman]]>
              </value>
            </param>
          </params>
          <reporter-output>
          </reporter-output>
        </test-method> <!-- selectCotrainer -->
        <test-method status="PASS" signature="selectCotrainer(java.lang.String)[pri:6, instance:pomtest.ManageCreateTest@475530b9]" name="selectCotrainer" duration-ms="101" started-at="2018-05-27T16:26:43Z" data-provider="trainers" finished-at="2018-05-27T16:26:43Z">
          <params>
            <param index="0">
              <value>
                <![CDATA[Peter Alagna]]>
              </value>
            </param>
          </params>
          <reporter-output>
          </reporter-output>
        </test-method> <!-- selectCotrainer -->
        <test-method status="PASS" signature="selectCotrainer(java.lang.String)[pri:6, instance:pomtest.ManageCreateTest@475530b9]" name="selectCotrainer" duration-ms="81" started-at="2018-05-27T16:26:43Z" data-provider="trainers" finished-at="2018-05-27T16:26:43Z">
          <params>
            <param index="0">
              <value>
                <![CDATA[Mehrab Rahman]]>
              </value>
            </param>
          </params>
          <reporter-output>
          </reporter-output>
        </test-method> <!-- selectCotrainer -->
        <test-method status="PASS" signature="selectCotrainer(java.lang.String)[pri:6, instance:pomtest.ManageCreateTest@475530b9]" name="selectCotrainer" duration-ms="57" started-at="2018-05-27T16:26:43Z" data-provider="trainers" finished-at="2018-05-27T16:26:43Z">
          <params>
            <param index="0">
              <value>
                <![CDATA[Peter Alagna]]>
              </value>
            </param>
          </params>
          <reporter-output>
          </reporter-output>
        </test-method> <!-- selectCotrainer -->
        <test-method status="PASS" signature="selectCotrainer(java.lang.String)[pri:6, instance:pomtest.ManageCreateTest@475530b9]" name="selectCotrainer" duration-ms="86" started-at="2018-05-27T16:26:43Z" data-provider="trainers" finished-at="2018-05-27T16:26:43Z">
          <params>
            <param index="0">
              <value>
                <![CDATA[Stanley Medikonda]]>
              </value>
            </param>
          </params>
          <reporter-output>
          </reporter-output>
        </test-method> <!-- selectCotrainer -->
        <test-method status="PASS" signature="selectCotrainer(java.lang.String)[pri:6, instance:pomtest.ManageCreateTest@475530b9]" name="selectCotrainer" duration-ms="87" started-at="2018-05-27T16:26:43Z" data-provider="trainers" finished-at="2018-05-27T16:26:44Z">
          <params>
            <param index="0">
              <value>
                <![CDATA[Gray Wynne]]>
              </value>
            </param>
          </params>
          <reporter-output>
          </reporter-output>
        </test-method> <!-- selectCotrainer -->
        <test-method status="PASS" signature="selectCotrainer(java.lang.String)[pri:6, instance:pomtest.ManageCreateTest@475530b9]" name="selectCotrainer" duration-ms="92" started-at="2018-05-27T16:26:44Z" data-provider="trainers" finished-at="2018-05-27T16:26:44Z">
          <params>
            <param index="0">
              <value>
                <![CDATA[Orson Wallace]]>
              </value>
            </param>
          </params>
          <reporter-output>
          </reporter-output>
        </test-method> <!-- selectCotrainer -->
        <test-method status="PASS" signature="selectCotrainer(java.lang.String)[pri:6, instance:pomtest.ManageCreateTest@475530b9]" name="selectCotrainer" duration-ms="89" started-at="2018-05-27T16:26:44Z" data-provider="trainers" finished-at="2018-05-27T16:26:44Z">
          <params>
            <param index="0">
              <value>
                <![CDATA[Shelby Levinson]]>
              </value>
            </param>
          </params>
          <reporter-output>
          </reporter-output>
        </test-method> <!-- selectCotrainer -->
        <test-method status="PASS" signature="selectCotrainer(java.lang.String)[pri:6, instance:pomtest.ManageCreateTest@475530b9]" name="selectCotrainer" duration-ms="112" started-at="2018-05-27T16:26:44Z" data-provider="trainers" finished-at="2018-05-27T16:26:44Z">
          <params>
            <param index="0">
              <value>
                <![CDATA[Gray Wynne]]>
              </value>
            </param>
          </params>
          <reporter-output>
          </reporter-output>
        </test-method> <!-- selectCotrainer -->
        <test-method status="PASS" signature="selectCotrainer(java.lang.String)[pri:6, instance:pomtest.ManageCreateTest@475530b9]" name="selectCotrainer" duration-ms="91" started-at="2018-05-27T16:26:44Z" data-provider="trainers" finished-at="2018-05-27T16:26:44Z">
          <params>
            <param index="0">
              <value>
                <![CDATA[Orson Wallace]]>
              </value>
            </param>
          </params>
          <reporter-output>
          </reporter-output>
        </test-method> <!-- selectCotrainer -->
        <test-method status="PASS" signature="selectCotrainer(java.lang.String)[pri:6, instance:pomtest.ManageCreateTest@475530b9]" name="selectCotrainer" duration-ms="101" started-at="2018-05-27T16:26:44Z" data-provider="trainers" finished-at="2018-05-27T16:26:44Z">
          <params>
            <param index="0">
              <value>
                <![CDATA[Shelby Levinson]]>
              </value>
            </param>
          </params>
          <reporter-output>
          </reporter-output>
        </test-method> <!-- selectCotrainer -->
        <test-method status="PASS" signature="selectCotrainer(java.lang.String)[pri:6, instance:pomtest.ManageCreateTest@475530b9]" name="selectCotrainer" duration-ms="136" started-at="2018-05-27T16:26:44Z" data-provider="trainers" finished-at="2018-05-27T16:26:44Z">
          <params>
            <param index="0">
              <value>
                <![CDATA[Walter Payne]]>
              </value>
            </param>
          </params>
          <reporter-output>
          </reporter-output>
        </test-method> <!-- selectCotrainer -->
        <test-method status="PASS" signature="selectCotrainer(java.lang.String)[pri:6, instance:pomtest.ManageCreateTest@475530b9]" name="selectCotrainer" duration-ms="157" started-at="2018-05-27T16:26:44Z" data-provider="trainers" finished-at="2018-05-27T16:26:44Z">
          <params>
            <param index="0">
              <value>
                <![CDATA[Natalie Church]]>
              </value>
            </param>
          </params>
          <reporter-output>
          </reporter-output>
        </test-method> <!-- selectCotrainer -->
        <test-method status="PASS" signature="selectCotrainer(java.lang.String)[pri:6, instance:pomtest.ManageCreateTest@475530b9]" name="selectCotrainer" duration-ms="102" started-at="2018-05-27T16:26:44Z" data-provider="trainers" finished-at="2018-05-27T16:26:44Z">
          <params>
            <param index="0">
              <value>
                <![CDATA[Archer Radcliff]]>
              </value>
            </param>
          </params>
          <reporter-output>
          </reporter-output>
        </test-method> <!-- selectCotrainer -->
        <test-method status="PASS" signature="selectCotrainer(java.lang.String)[pri:6, instance:pomtest.ManageCreateTest@475530b9]" name="selectCotrainer" duration-ms="82" started-at="2018-05-27T16:26:44Z" data-provider="trainers" finished-at="2018-05-27T16:26:45Z">
          <params>
            <param index="0">
              <value>
                <![CDATA[Rajesh Yamunachari]]>
              </value>
            </param>
          </params>
          <reporter-output>
          </reporter-output>
        </test-method> <!-- selectCotrainer -->
        <test-method status="PASS" signature="selectCotrainer(java.lang.String)[pri:6, instance:pomtest.ManageCreateTest@475530b9]" name="selectCotrainer" duration-ms="90" started-at="2018-05-27T16:26:45Z" data-provider="trainers" finished-at="2018-05-27T16:26:45Z">
          <params>
            <param index="0">
              <value>
                <![CDATA[Raghavan Swaminathan]]>
              </value>
            </param>
          </params>
          <reporter-output>
          </reporter-output>
        </test-method> <!-- selectCotrainer -->
        <test-method status="PASS" signature="selectCotrainer(java.lang.String)[pri:6, instance:pomtest.ManageCreateTest@475530b9]" name="selectCotrainer" duration-ms="87" started-at="2018-05-27T16:26:45Z" data-provider="trainers" finished-at="2018-05-27T16:26:45Z">
          <params>
            <param index="0">
              <value>
                <![CDATA[Marvin]]>
              </value>
            </param>
          </params>
          <reporter-output>
          </reporter-output>
        </test-method> <!-- selectCotrainer -->
        <test-method status="PASS" signature="selectCotrainer(java.lang.String)[pri:6, instance:pomtest.ManageCreateTest@475530b9]" name="selectCotrainer" duration-ms="116" started-at="2018-05-27T16:26:45Z" data-provider="trainers" finished-at="2018-05-27T16:26:45Z">
          <params>
            <param index="0">
              <value>
                <![CDATA[Spongebob Squarepants]]>
              </value>
            </param>
          </params>
          <reporter-output>
          </reporter-output>
        </test-method> <!-- selectCotrainer -->
        <test-method status="PASS" signature="selectCotrainer(java.lang.String)[pri:6, instance:pomtest.ManageCreateTest@475530b9]" name="selectCotrainer" duration-ms="95" started-at="2018-05-27T16:26:45Z" data-provider="trainers" finished-at="2018-05-27T16:26:45Z">
          <params>
            <param index="0">
              <value>
                <![CDATA[Kermit Frog]]>
              </value>
            </param>
          </params>
          <reporter-output>
          </reporter-output>
        </test-method> <!-- selectCotrainer -->
        <test-method status="PASS" signature="selectCotrainer(java.lang.String)[pri:6, instance:pomtest.ManageCreateTest@475530b9]" name="selectCotrainer" duration-ms="86" started-at="2018-05-27T16:26:45Z" data-provider="trainers" finished-at="2018-05-27T16:26:45Z">
          <params>
            <param index="0">
              <value>
                <![CDATA[!@#$%^&*()]]>
              </value>
            </param>
          </params>
          <reporter-output>
          </reporter-output>
        </test-method> <!-- selectCotrainer -->
        <test-method status="PASS" signature="selectStart()[pri:7, instance:pomtest.ManageCreateTest@475530b9]" name="selectStart" duration-ms="134" started-at="2018-05-27T16:26:45Z" finished-at="2018-05-27T16:26:45Z">
          <reporter-output>
          </reporter-output>
        </test-method> <!-- selectStart -->
        <test-method status="PASS" signature="selectEnd()[pri:8, instance:pomtest.ManageCreateTest@475530b9]" name="selectEnd" duration-ms="141" started-at="2018-05-27T16:26:45Z" finished-at="2018-05-27T16:26:45Z">
          <reporter-output>
          </reporter-output>
        </test-method> <!-- selectEnd -->
        <test-method status="PASS" signature="inputGood()[pri:9, instance:pomtest.ManageCreateTest@475530b9]" name="inputGood" duration-ms="126" started-at="2018-05-27T16:26:45Z" finished-at="2018-05-27T16:26:45Z">
          <reporter-output>
          </reporter-output>
        </test-method> <!-- inputGood -->
        <test-method status="PASS" signature="inputPassing()[pri:10, instance:pomtest.ManageCreateTest@475530b9]" name="inputPassing" duration-ms="104" started-at="2018-05-27T16:26:45Z" finished-at="2018-05-27T16:26:46Z">
          <reporter-output>
          </reporter-output>
        </test-method> <!-- inputPassing -->
        <test-method status="PASS" signature="buttonSave()[pri:11, instance:pomtest.ManageCreateTest@475530b9]" name="buttonSave" duration-ms="104" started-at="2018-05-27T16:26:46Z" finished-at="2018-05-27T16:26:46Z">
          <reporter-output>
          </reporter-output>
        </test-method> <!-- buttonSave -->
        <test-method status="PASS" signature="buttonClose()[pri:12, instance:pomtest.ManageCreateTest@475530b9]" name="buttonClose" duration-ms="1434" started-at="2018-05-27T16:26:46Z" finished-at="2018-05-27T16:26:47Z">
          <reporter-output>
          </reporter-output>
        </test-method> <!-- buttonClose -->
        <test-method status="FAIL" signature="buttonX()[pri:13, instance:pomtest.ManageCreateTest@475530b9]" name="buttonX" duration-ms="2084" started-at="2018-05-27T16:26:47Z" finished-at="2018-05-27T16:26:49Z">
          <exception class="org.openqa.selenium.TimeoutException">
            <message>
              <![CDATA[Expected condition failed: waiting for invisibility of [[ChromeDriver: chrome on XP (f1372b59307199129763095d89210693)] -> xpath: //*[@id="createBatchModal"]] (tried for 1 second(s) with 500 MILLISECONDS interval)
Build info: version: '3.8.1', revision: '6e95a6684b', time: '2017-12-01T18:33:54.468Z'
System info: host: 'LAPTOP-Q4VAUUHH', ip: '192.168.0.10', os.name: 'Windows 10', os.arch: 'amd64', os.version: '10.0', java.version: '1.8.0_171'
Driver info: org.openqa.selenium.chrome.ChromeDriver
Capabilities {acceptInsecureCerts: false, acceptSslCerts: false, applicationCacheEnabled: false, browserConnectionEnabled: false, browserName: chrome, chrome: {chromedriverVersion: 2.38.552522 (437e6fbedfa876..., userDataDir: C:\Users\andre\AppData\Loca...}, cssSelectorsEnabled: true, databaseEnabled: false, handlesAlerts: true, hasTouchScreen: false, javascriptEnabled: true, locationContextEnabled: true, mobileEmulationEnabled: false, nativeEvents: true, networkConnectionEnabled: false, pageLoadStrategy: normal, platform: XP, platformName: XP, rotatable: false, setWindowRect: true, takesHeapSnapshot: true, takesScreenshot: true, unexpectedAlertBehaviour: , unhandledPromptBehavior: , version: 66.0.3359.181, webStorageEnabled: true}
Session ID: f1372b59307199129763095d89210693]]>
            </message>
            <full-stacktrace>
              <![CDATA[org.openqa.selenium.TimeoutException: Expected condition failed: waiting for invisibility of [[ChromeDriver: chrome on XP (f1372b59307199129763095d89210693)] -> xpath: //*[@id="createBatchModal"]] (tried for 1 second(s) with 500 MILLISECONDS interval)
Build info: version: '3.8.1', revision: '6e95a6684b', time: '2017-12-01T18:33:54.468Z'
System info: host: 'LAPTOP-Q4VAUUHH', ip: '192.168.0.10', os.name: 'Windows 10', os.arch: 'amd64', os.version: '10.0', java.version: '1.8.0_171'
Driver info: org.openqa.selenium.chrome.ChromeDriver
Capabilities {acceptInsecureCerts: false, acceptSslCerts: false, applicationCacheEnabled: false, browserConnectionEnabled: false, browserName: chrome, chrome: {chromedriverVersion: 2.38.552522 (437e6fbedfa876..., userDataDir: C:\Users\andre\AppData\Loca...}, cssSelectorsEnabled: true, databaseEnabled: false, handlesAlerts: true, hasTouchScreen: false, javascriptEnabled: true, locationContextEnabled: true, mobileEmulationEnabled: false, nativeEvents: true, networkConnectionEnabled: false, pageLoadStrategy: normal, platform: XP, platformName: XP, rotatable: false, setWindowRect: true, takesHeapSnapshot: true, takesScreenshot: true, unexpectedAlertBehaviour: , unhandledPromptBehavior: , version: 66.0.3359.181, webStorageEnabled: true}
Session ID: f1372b59307199129763095d89210693
	at org.openqa.selenium.support.ui.WebDriverWait.timeoutException(WebDriverWait.java:82)
	at org.openqa.selenium.support.ui.FluentWait.until(FluentWait.java:231)
	at pomtest.ManageCreateTest.modal(ManageCreateTest.java:230)
	at pomtest.ManageCreateTest.buttonX(ManageCreateTest.java:132)
	at sun.reflect.NativeMethodAccessorImpl.invoke0(Native Method)
	at sun.reflect.NativeMethodAccessorImpl.invoke(Unknown Source)
	at sun.reflect.DelegatingMethodAccessorImpl.invoke(Unknown Source)
	at java.lang.reflect.Method.invoke(Unknown Source)
	at org.testng.internal.MethodInvocationHelper.invokeMethod(MethodInvocationHelper.java:86)
	at org.testng.internal.Invoker.invokeMethod(Invoker.java:643)
	at org.testng.internal.Invoker.invokeTestMethod(Invoker.java:820)
	at org.testng.internal.Invoker.invokeTestMethods(Invoker.java:1128)
	at org.testng.internal.TestMethodWorker.invokeTestMethods(TestMethodWorker.java:129)
	at org.testng.internal.TestMethodWorker.run(TestMethodWorker.java:112)
	at org.testng.TestRunner.privateRun(TestRunner.java:782)
	at org.testng.TestRunner.run(TestRunner.java:632)
	at org.testng.SuiteRunner.runTest(SuiteRunner.java:366)
	at org.testng.SuiteRunner.runSequentially(SuiteRunner.java:361)
	at org.testng.SuiteRunner.privateRun(SuiteRunner.java:319)
	at org.testng.SuiteRunner.run(SuiteRunner.java:268)
	at org.testng.SuiteRunnerWorker.runSuite(SuiteRunnerWorker.java:52)
	at org.testng.SuiteRunnerWorker.run(SuiteRunnerWorker.java:86)
	at org.testng.TestNG.runSuitesSequentially(TestNG.java:1244)
	at org.testng.TestNG.runSuitesLocally(TestNG.java:1169)
	at org.testng.TestNG.run(TestNG.java:1064)
	at org.testng.remote.AbstractRemoteTestNG.run(AbstractRemoteTestNG.java:114)
	at org.testng.remote.RemoteTestNG.initAndRun(RemoteTestNG.java:251)
	at org.testng.remote.RemoteTestNG.main(RemoteTestNG.java:77)
]]>
            </full-stacktrace>
          </exception> <!-- org.openqa.selenium.TimeoutException -->
          <reporter-output>
          </reporter-output>
        </test-method> <!-- buttonX -->
        <test-method status="PASS" signature="afterSuite()[pri:0, instance:pomtest.ManageCreateTest@475530b9]" name="afterSuite" is-config="true" duration-ms="183" started-at="2018-05-27T16:26:49Z" finished-at="2018-05-27T16:26:49Z">
          <reporter-output>
          </reporter-output>
        </test-method> <!-- afterSuite -->
      </class> <!-- pomtest.ManageCreateTest -->
    </test> <!-- managecreatetest -->
  </suite> <!-- caliber -->
</testng-results>
