<?xml version="1.0" encoding="UTF-8"?>
<testng-results skipped="1" failed="2" total="141" passed="138">
  <reporter-output>
  </reporter-output>
  <suite name="driverchrome" duration-ms="28" started-at="2018-05-31T00:37:58Z" finished-at="2018-05-31T00:37:58Z">
    <groups>
    </groups>
    <test name="driverchrome" duration-ms="28" started-at="2018-05-31T00:37:58Z" finished-at="2018-05-31T00:37:58Z">
      <class name="drivertest.ChromeTest">
        <test-method status="FAIL" signature="beforeSuite()[pri:0, instance:drivertest.ChromeTest@77cd7a0]" name="beforeSuite" is-config="true" duration-ms="0" started-at="2018-05-30T20:37:53Z" finished-at="2018-05-30T20:37:53Z">
          <exception class="java.lang.NullPointerException">
            <full-stacktrace>
              <![CDATA[java.lang.NullPointerException
	at listener.Listener.afterInvocation(Listener.java:104)
	at org.testng.internal.invokers.InvokedMethodListenerInvoker$InvokeAfterInvocationWithoutContextStrategy.callMethod(InvokedMethodListenerInvoker.java:100)
	at org.testng.internal.invokers.InvokedMethodListenerInvoker.invokeListener(InvokedMethodListenerInvoker.java:62)
	at org.testng.internal.Invoker.runInvokedMethodListeners(Invoker.java:556)
	at org.testng.internal.Invoker.invokeConfigurationMethod(Invoker.java:535)
	at org.testng.internal.Invoker.invokeConfigurations(Invoker.java:215)
	at org.testng.internal.Invoker.invokeConfigurations(Invoker.java:142)
	at org.testng.SuiteRunner.privateRun(SuiteRunner.java:305)
	at org.testng.SuiteRunner.run(SuiteRunner.java:268)
	at org.testng.SuiteRunnerWorker.runSuite(SuiteRunnerWorker.java:52)
	at org.testng.SuiteRunnerWorker.run(SuiteRunnerWorker.java:86)
	at org.testng.TestNG.runSuitesSequentially(TestNG.java:1244)
	at org.testng.TestNG.runSuitesSequentially(TestNG.java:1240)
	at org.testng.TestNG.runSuitesLocally(TestNG.java:1169)
	at org.testng.TestNG.run(TestNG.java:1064)
	at org.testng.remote.AbstractRemoteTestNG.run(AbstractRemoteTestNG.java:114)
	at org.testng.remote.RemoteTestNG.initAndRun(RemoteTestNG.java:251)
	at org.testng.remote.RemoteTestNG.main(RemoteTestNG.java:77)
]]>
            </full-stacktrace>
          </exception> <!-- java.lang.NullPointerException -->
          <reporter-output>
          </reporter-output>
        </test-method> <!-- beforeSuite -->
        <test-method status="SKIP" signature="home()[pri:0, instance:drivertest.ChromeTest@77cd7a0]" name="home" duration-ms="5" started-at="2018-05-30T20:37:58Z" finished-at="2018-05-30T20:37:58Z">
          <reporter-output>
          </reporter-output>
        </test-method> <!-- home -->
        <test-method status="SKIP" signature="afterSuite()[pri:0, instance:drivertest.ChromeTest@77cd7a0]" name="afterSuite" is-config="true" duration-ms="0" started-at="2018-05-30T20:37:58Z" finished-at="2018-05-30T20:37:58Z">
          <reporter-output>
          </reporter-output>
        </test-method> <!-- afterSuite -->
      </class> <!-- drivertest.ChromeTest -->
    </test> <!-- driverchrome -->
  </suite> <!-- driverchrome -->
  <suite name="pommanagecreate" duration-ms="12590" started-at="2018-05-31T00:38:39Z" finished-at="2018-05-31T00:38:51Z">
    <groups>
    </groups>
    <test name="managebatch&gt;createbatch" duration-ms="12590" started-at="2018-05-31T00:38:39Z" finished-at="2018-05-31T00:38:51Z">
      <class name="pomtest.ManageCreateTest">
        <test-method status="PASS" signature="beforeSuite()[pri:0, instance:pomtest.ManageCreateTest@55d56113]" name="beforeSuite" is-config="true" duration-ms="8839" started-at="2018-05-30T20:38:30Z" finished-at="2018-05-30T20:38:39Z">
          <reporter-output>
          </reporter-output>
        </test-method> <!-- beforeSuite -->
        <test-method status="PASS" signature="inputName()[pri:1, instance:pomtest.ManageCreateTest@55d56113]" name="inputName" duration-ms="364" started-at="2018-05-30T20:38:39Z" finished-at="2018-05-30T20:38:39Z">
          <reporter-output>
          </reporter-output>
        </test-method> <!-- inputName -->
        <test-method status="PASS" signature="selectTraining(java.lang.String)[pri:2, instance:pomtest.ManageCreateTest@55d56113]" name="selectTraining" duration-ms="196" started-at="2018-05-30T20:38:39Z" data-provider="trainingtype" finished-at="2018-05-30T20:38:39Z">
          <params>
            <param index="0">
              <value>
                <![CDATA[Revature]]>
              </value>
            </param>
          </params>
          <reporter-output>
          </reporter-output>
        </test-method> <!-- selectTraining -->
        <test-method status="PASS" signature="selectTraining(java.lang.String)[pri:2, instance:pomtest.ManageCreateTest@55d56113]" name="selectTraining" duration-ms="166" started-at="2018-05-30T20:38:39Z" data-provider="trainingtype" finished-at="2018-05-30T20:38:39Z">
          <params>
            <param index="0">
              <value>
                <![CDATA[Corporate]]>
              </value>
            </param>
          </params>
          <reporter-output>
          </reporter-output>
        </test-method> <!-- selectTraining -->
        <test-method status="PASS" signature="selectTraining(java.lang.String)[pri:2, instance:pomtest.ManageCreateTest@55d56113]" name="selectTraining" duration-ms="98" started-at="2018-05-30T20:38:39Z" data-provider="trainingtype" finished-at="2018-05-30T20:38:40Z">
          <params>
            <param index="0">
              <value>
                <![CDATA[University]]>
              </value>
            </param>
          </params>
          <reporter-output>
          </reporter-output>
        </test-method> <!-- selectTraining -->
        <test-method status="PASS" signature="selectTraining(java.lang.String)[pri:2, instance:pomtest.ManageCreateTest@55d56113]" name="selectTraining" duration-ms="92" started-at="2018-05-30T20:38:40Z" data-provider="trainingtype" finished-at="2018-05-30T20:38:40Z">
          <params>
            <param index="0">
              <value>
                <![CDATA[Other]]>
              </value>
            </param>
          </params>
          <reporter-output>
          </reporter-output>
        </test-method> <!-- selectTraining -->
        <test-method status="PASS" signature="selectSkill(java.lang.String)[pri:3, instance:pomtest.ManageCreateTest@55d56113]" name="selectSkill" duration-ms="109" started-at="2018-05-30T20:38:40Z" data-provider="skill" finished-at="2018-05-30T20:38:40Z">
          <params>
            <param index="0">
              <value>
                <![CDATA[J2EE]]>
              </value>
            </param>
          </params>
          <reporter-output>
          </reporter-output>
        </test-method> <!-- selectSkill -->
        <test-method status="PASS" signature="selectSkill(java.lang.String)[pri:3, instance:pomtest.ManageCreateTest@55d56113]" name="selectSkill" duration-ms="119" started-at="2018-05-30T20:38:40Z" data-provider="skill" finished-at="2018-05-30T20:38:40Z">
          <params>
            <param index="0">
              <value>
                <![CDATA[.NET]]>
              </value>
            </param>
          </params>
          <reporter-output>
          </reporter-output>
        </test-method> <!-- selectSkill -->
        <test-method status="PASS" signature="selectSkill(java.lang.String)[pri:3, instance:pomtest.ManageCreateTest@55d56113]" name="selectSkill" duration-ms="101" started-at="2018-05-30T20:38:40Z" data-provider="skill" finished-at="2018-05-30T20:38:40Z">
          <params>
            <param index="0">
              <value>
                <![CDATA[SDET]]>
              </value>
            </param>
          </params>
          <reporter-output>
          </reporter-output>
        </test-method> <!-- selectSkill -->
        <test-method status="PASS" signature="selectSkill(java.lang.String)[pri:3, instance:pomtest.ManageCreateTest@55d56113]" name="selectSkill" duration-ms="94" started-at="2018-05-30T20:38:40Z" data-provider="skill" finished-at="2018-05-30T20:38:40Z">
          <params>
            <param index="0">
              <value>
                <![CDATA[BPM]]>
              </value>
            </param>
          </params>
          <reporter-output>
          </reporter-output>
        </test-method> <!-- selectSkill -->
        <test-method status="PASS" signature="selectSkill(java.lang.String)[pri:3, instance:pomtest.ManageCreateTest@55d56113]" name="selectSkill" duration-ms="107" started-at="2018-05-30T20:38:40Z" data-provider="skill" finished-at="2018-05-30T20:38:40Z">
          <params>
            <param index="0">
              <value>
                <![CDATA[Appian BPM]]>
              </value>
            </param>
          </params>
          <reporter-output>
          </reporter-output>
        </test-method> <!-- selectSkill -->
        <test-method status="PASS" signature="selectSkill(java.lang.String)[pri:3, instance:pomtest.ManageCreateTest@55d56113]" name="selectSkill" duration-ms="110" started-at="2018-05-30T20:38:40Z" data-provider="skill" finished-at="2018-05-30T20:38:40Z">
          <params>
            <param index="0">
              <value>
                <![CDATA[PEGA BPM]]>
              </value>
            </param>
          </params>
          <reporter-output>
          </reporter-output>
        </test-method> <!-- selectSkill -->
        <test-method status="PASS" signature="selectSkill(java.lang.String)[pri:3, instance:pomtest.ManageCreateTest@55d56113]" name="selectSkill" duration-ms="100" started-at="2018-05-30T20:38:40Z" data-provider="skill" finished-at="2018-05-30T20:38:40Z">
          <params>
            <param index="0">
              <value>
                <![CDATA[Microsoft Dynamics 365]]>
              </value>
            </param>
          </params>
          <reporter-output>
          </reporter-output>
        </test-method> <!-- selectSkill -->
        <test-method status="PASS" signature="selectSkill(java.lang.String)[pri:3, instance:pomtest.ManageCreateTest@55d56113]" name="selectSkill" duration-ms="111" started-at="2018-05-30T20:38:40Z" data-provider="skill" finished-at="2018-05-30T20:38:40Z">
          <params>
            <param index="0">
              <value>
                <![CDATA[JTA]]>
              </value>
            </param>
          </params>
          <reporter-output>
          </reporter-output>
        </test-method> <!-- selectSkill -->
        <test-method status="PASS" signature="selectSkill(java.lang.String)[pri:3, instance:pomtest.ManageCreateTest@55d56113]" name="selectSkill" duration-ms="135" started-at="2018-05-30T20:38:40Z" data-provider="skill" finished-at="2018-05-30T20:38:41Z">
          <params>
            <param index="0">
              <value>
                <![CDATA[Microservices]]>
              </value>
            </param>
          </params>
          <reporter-output>
          </reporter-output>
        </test-method> <!-- selectSkill -->
        <test-method status="PASS" signature="selectSkill(java.lang.String)[pri:3, instance:pomtest.ManageCreateTest@55d56113]" name="selectSkill" duration-ms="100" started-at="2018-05-30T20:38:41Z" data-provider="skill" finished-at="2018-05-30T20:38:41Z">
          <params>
            <param index="0">
              <value>
                <![CDATA[Oracle Fusion]]>
              </value>
            </param>
          </params>
          <reporter-output>
          </reporter-output>
        </test-method> <!-- selectSkill -->
        <test-method status="PASS" signature="selectSkill(java.lang.String)[pri:3, instance:pomtest.ManageCreateTest@55d56113]" name="selectSkill" duration-ms="100" started-at="2018-05-30T20:38:41Z" data-provider="skill" finished-at="2018-05-30T20:38:41Z">
          <params>
            <param index="0">
              <value>
                <![CDATA[Salesforce]]>
              </value>
            </param>
          </params>
          <reporter-output>
          </reporter-output>
        </test-method> <!-- selectSkill -->
        <test-method status="PASS" signature="selectSkill(java.lang.String)[pri:3, instance:pomtest.ManageCreateTest@55d56113]" name="selectSkill" duration-ms="102" started-at="2018-05-30T20:38:41Z" data-provider="skill" finished-at="2018-05-30T20:38:41Z">
          <params>
            <param index="0">
              <value>
                <![CDATA[Business Analyst]]>
              </value>
            </param>
          </params>
          <reporter-output>
          </reporter-output>
        </test-method> <!-- selectSkill -->
        <test-method status="PASS" signature="selectSkill(java.lang.String)[pri:3, instance:pomtest.ManageCreateTest@55d56113]" name="selectSkill" duration-ms="101" started-at="2018-05-30T20:38:41Z" data-provider="skill" finished-at="2018-05-30T20:38:41Z">
          <params>
            <param index="0">
              <value>
                <![CDATA[System Admin]]>
              </value>
            </param>
          </params>
          <reporter-output>
          </reporter-output>
        </test-method> <!-- selectSkill -->
        <test-method status="PASS" signature="selectSkill(java.lang.String)[pri:3, instance:pomtest.ManageCreateTest@55d56113]" name="selectSkill" duration-ms="99" started-at="2018-05-30T20:38:41Z" data-provider="skill" finished-at="2018-05-30T20:38:41Z">
          <params>
            <param index="0">
              <value>
                <![CDATA[QA]]>
              </value>
            </param>
          </params>
          <reporter-output>
          </reporter-output>
        </test-method> <!-- selectSkill -->
        <test-method status="PASS" signature="selectSkill(java.lang.String)[pri:3, instance:pomtest.ManageCreateTest@55d56113]" name="selectSkill" duration-ms="103" started-at="2018-05-30T20:38:41Z" data-provider="skill" finished-at="2018-05-30T20:38:41Z">
          <params>
            <param index="0">
              <value>
                <![CDATA[Other]]>
              </value>
            </param>
          </params>
          <reporter-output>
          </reporter-output>
        </test-method> <!-- selectSkill -->
        <test-method status="PASS" signature="selectLocation(java.lang.String, java.lang.String)[pri:4, instance:pomtest.ManageCreateTest@55d56113]" name="selectLocation" duration-ms="108" started-at="2018-05-30T20:38:41Z" data-provider="location" finished-at="2018-05-30T20:38:41Z">
          <params>
            <param index="0">
              <value>
                <![CDATA[NY]]>
              </value>
            </param>
            <param index="1">
              <value>
                <![CDATA[Tech Incubator at Queens College, 65-30 Kissena Blvd, CEP Hall 2 Queens NY 11367]]>
              </value>
            </param>
          </params>
          <reporter-output>
          </reporter-output>
        </test-method> <!-- selectLocation -->
        <test-method status="PASS" signature="selectLocation(java.lang.String, java.lang.String)[pri:4, instance:pomtest.ManageCreateTest@55d56113]" name="selectLocation" duration-ms="112" started-at="2018-05-30T20:38:41Z" data-provider="location" finished-at="2018-05-30T20:38:41Z">
          <params>
            <param index="0">
              <value>
                <![CDATA[VA]]>
              </value>
            </param>
            <param index="1">
              <value>
                <![CDATA[Revature LLC, 11730 Plaza America Drive, 2nd Floor Reston VA 20190]]>
              </value>
            </param>
          </params>
          <reporter-output>
          </reporter-output>
        </test-method> <!-- selectLocation -->
        <test-method status="PASS" signature="selectTrainer(java.lang.String)[pri:5, instance:pomtest.ManageCreateTest@55d56113]" name="selectTrainer" duration-ms="122" started-at="2018-05-30T20:38:41Z" data-provider="trainers" finished-at="2018-05-30T20:38:42Z">
          <params>
            <param index="0">
              <value>
                <![CDATA[123]]>
              </value>
            </param>
          </params>
          <reporter-output>
          </reporter-output>
        </test-method> <!-- selectTrainer -->
        <test-method status="PASS" signature="selectTrainer(java.lang.String)[pri:5, instance:pomtest.ManageCreateTest@55d56113]" name="selectTrainer" duration-ms="109" started-at="2018-05-30T20:38:42Z" data-provider="trainers" finished-at="2018-05-30T20:38:42Z">
          <params>
            <param index="0">
              <value>
                <![CDATA[Name]]>
              </value>
            </param>
          </params>
          <reporter-output>
          </reporter-output>
        </test-method> <!-- selectTrainer -->
        <test-method status="PASS" signature="selectTrainer(java.lang.String)[pri:5, instance:pomtest.ManageCreateTest@55d56113]" name="selectTrainer" duration-ms="93" started-at="2018-05-30T20:38:42Z" data-provider="trainers" finished-at="2018-05-30T20:38:42Z">
          <params>
            <param index="0">
              <value>
                <![CDATA[bfs]]>
              </value>
            </param>
          </params>
          <reporter-output>
          </reporter-output>
        </test-method> <!-- selectTrainer -->
        <test-method status="PASS" signature="selectTrainer(java.lang.String)[pri:5, instance:pomtest.ManageCreateTest@55d56113]" name="selectTrainer" duration-ms="91" started-at="2018-05-30T20:38:42Z" data-provider="trainers" finished-at="2018-05-30T20:38:42Z">
          <params>
            <param index="0">
              <value>
                <![CDATA[Patrick Walsh]]>
              </value>
            </param>
          </params>
          <reporter-output>
          </reporter-output>
        </test-method> <!-- selectTrainer -->
        <test-method status="PASS" signature="selectTrainer(java.lang.String)[pri:5, instance:pomtest.ManageCreateTest@55d56113]" name="selectTrainer" duration-ms="123" started-at="2018-05-30T20:38:42Z" data-provider="trainers" finished-at="2018-05-30T20:38:42Z">
          <params>
            <param index="0">
              <value>
                <![CDATA[Dan Pickles]]>
              </value>
            </param>
          </params>
          <reporter-output>
          </reporter-output>
        </test-method> <!-- selectTrainer -->
        <test-method status="PASS" signature="selectTrainer(java.lang.String)[pri:5, instance:pomtest.ManageCreateTest@55d56113]" name="selectTrainer" duration-ms="104" started-at="2018-05-30T20:38:42Z" data-provider="trainers" finished-at="2018-05-30T20:38:42Z">
          <params>
            <param index="0">
              <value>
                <![CDATA[Karan Dhirar]]>
              </value>
            </param>
          </params>
          <reporter-output>
          </reporter-output>
        </test-method> <!-- selectTrainer -->
        <test-method status="PASS" signature="selectTrainer(java.lang.String)[pri:5, instance:pomtest.ManageCreateTest@55d56113]" name="selectTrainer" duration-ms="90" started-at="2018-05-30T20:38:42Z" data-provider="trainers" finished-at="2018-05-30T20:38:42Z">
          <params>
            <param index="0">
              <value>
                <![CDATA[Brian Connolly]]>
              </value>
            </param>
          </params>
          <reporter-output>
          </reporter-output>
        </test-method> <!-- selectTrainer -->
        <test-method status="PASS" signature="selectTrainer(java.lang.String)[pri:5, instance:pomtest.ManageCreateTest@55d56113]" name="selectTrainer" duration-ms="86" started-at="2018-05-30T20:38:42Z" data-provider="trainers" finished-at="2018-05-30T20:38:42Z">
          <params>
            <param index="0">
              <value>
                <![CDATA[Genesis Bonds]]>
              </value>
            </param>
          </params>
          <reporter-output>
          </reporter-output>
        </test-method> <!-- selectTrainer -->
        <test-method status="PASS" signature="selectTrainer(java.lang.String)[pri:5, instance:pomtest.ManageCreateTest@55d56113]" name="selectTrainer" duration-ms="84" started-at="2018-05-30T20:38:42Z" data-provider="trainers" finished-at="2018-05-30T20:38:42Z">
          <params>
            <param index="0">
              <value>
                <![CDATA[Ankit Garg]]>
              </value>
            </param>
          </params>
          <reporter-output>
          </reporter-output>
        </test-method> <!-- selectTrainer -->
        <test-method status="PASS" signature="selectTrainer(java.lang.String)[pri:5, instance:pomtest.ManageCreateTest@55d56113]" name="selectTrainer" duration-ms="87" started-at="2018-05-30T20:38:42Z" data-provider="trainers" finished-at="2018-05-30T20:38:42Z">
          <params>
            <param index="0">
              <value>
                <![CDATA[Ryan Lessley]]>
              </value>
            </param>
          </params>
          <reporter-output>
          </reporter-output>
        </test-method> <!-- selectTrainer -->
        <test-method status="PASS" signature="selectTrainer(java.lang.String)[pri:5, instance:pomtest.ManageCreateTest@55d56113]" name="selectTrainer" duration-ms="101" started-at="2018-05-30T20:38:42Z" data-provider="trainers" finished-at="2018-05-30T20:38:43Z">
          <params>
            <param index="0">
              <value>
                <![CDATA[Steven Kelsey]]>
              </value>
            </param>
          </params>
          <reporter-output>
          </reporter-output>
        </test-method> <!-- selectTrainer -->
        <test-method status="PASS" signature="selectTrainer(java.lang.String)[pri:5, instance:pomtest.ManageCreateTest@55d56113]" name="selectTrainer" duration-ms="88" started-at="2018-05-30T20:38:43Z" data-provider="trainers" finished-at="2018-05-30T20:38:43Z">
          <params>
            <param index="0">
              <value>
                <![CDATA[Emily Higgins]]>
              </value>
            </param>
          </params>
          <reporter-output>
          </reporter-output>
        </test-method> <!-- selectTrainer -->
        <test-method status="PASS" signature="selectTrainer(java.lang.String)[pri:5, instance:pomtest.ManageCreateTest@55d56113]" name="selectTrainer" duration-ms="101" started-at="2018-05-30T20:38:43Z" data-provider="trainers" finished-at="2018-05-30T20:38:43Z">
          <params>
            <param index="0">
              <value>
                <![CDATA[Taylor Kemper]]>
              </value>
            </param>
          </params>
          <reporter-output>
          </reporter-output>
        </test-method> <!-- selectTrainer -->
        <test-method status="PASS" signature="selectTrainer(java.lang.String)[pri:5, instance:pomtest.ManageCreateTest@55d56113]" name="selectTrainer" duration-ms="93" started-at="2018-05-30T20:38:43Z" data-provider="trainers" finished-at="2018-05-30T20:38:43Z">
          <params>
            <param index="0">
              <value>
                <![CDATA[Richard Orr]]>
              </value>
            </param>
          </params>
          <reporter-output>
          </reporter-output>
        </test-method> <!-- selectTrainer -->
        <test-method status="PASS" signature="selectTrainer(java.lang.String)[pri:5, instance:pomtest.ManageCreateTest@55d56113]" name="selectTrainer" duration-ms="94" started-at="2018-05-30T20:38:43Z" data-provider="trainers" finished-at="2018-05-30T20:38:43Z">
          <params>
            <param index="0">
              <value>
                <![CDATA[Nickolas Jurczak]]>
              </value>
            </param>
          </params>
          <reporter-output>
          </reporter-output>
        </test-method> <!-- selectTrainer -->
        <test-method status="PASS" signature="selectTrainer(java.lang.String)[pri:5, instance:pomtest.ManageCreateTest@55d56113]" name="selectTrainer" duration-ms="93" started-at="2018-05-30T20:38:43Z" data-provider="trainers" finished-at="2018-05-30T20:38:43Z">
          <params>
            <param index="0">
              <value>
                <![CDATA[August Duet]]>
              </value>
            </param>
          </params>
          <reporter-output>
          </reporter-output>
        </test-method> <!-- selectTrainer -->
        <test-method status="PASS" signature="selectTrainer(java.lang.String)[pri:5, instance:pomtest.ManageCreateTest@55d56113]" name="selectTrainer" duration-ms="103" started-at="2018-05-30T20:38:43Z" data-provider="trainers" finished-at="2018-05-30T20:38:43Z">
          <params>
            <param index="0">
              <value>
                <![CDATA[Yuvaraj Damodaran]]>
              </value>
            </param>
          </params>
          <reporter-output>
          </reporter-output>
        </test-method> <!-- selectTrainer -->
        <test-method status="PASS" signature="selectTrainer(java.lang.String)[pri:5, instance:pomtest.ManageCreateTest@55d56113]" name="selectTrainer" duration-ms="92" started-at="2018-05-30T20:38:43Z" data-provider="trainers" finished-at="2018-05-30T20:38:43Z">
          <params>
            <param index="0">
              <value>
                <![CDATA[Fred Belotte]]>
              </value>
            </param>
          </params>
          <reporter-output>
          </reporter-output>
        </test-method> <!-- selectTrainer -->
        <test-method status="PASS" signature="selectTrainer(java.lang.String)[pri:5, instance:pomtest.ManageCreateTest@55d56113]" name="selectTrainer" duration-ms="82" started-at="2018-05-30T20:38:43Z" data-provider="trainers" finished-at="2018-05-30T20:38:43Z">
          <params>
            <param index="0">
              <value>
                <![CDATA[Mehrab Rahman]]>
              </value>
            </param>
          </params>
          <reporter-output>
          </reporter-output>
        </test-method> <!-- selectTrainer -->
        <test-method status="PASS" signature="selectTrainer(java.lang.String)[pri:5, instance:pomtest.ManageCreateTest@55d56113]" name="selectTrainer" duration-ms="84" started-at="2018-05-30T20:38:43Z" data-provider="trainers" finished-at="2018-05-30T20:38:43Z">
          <params>
            <param index="0">
              <value>
                <![CDATA[Peter Alagna]]>
              </value>
            </param>
          </params>
          <reporter-output>
          </reporter-output>
        </test-method> <!-- selectTrainer -->
        <test-method status="PASS" signature="selectTrainer(java.lang.String)[pri:5, instance:pomtest.ManageCreateTest@55d56113]" name="selectTrainer" duration-ms="62" started-at="2018-05-30T20:38:43Z" data-provider="trainers" finished-at="2018-05-30T20:38:43Z">
          <params>
            <param index="0">
              <value>
                <![CDATA[Mehrab Rahman]]>
              </value>
            </param>
          </params>
          <reporter-output>
          </reporter-output>
        </test-method> <!-- selectTrainer -->
        <test-method status="PASS" signature="selectTrainer(java.lang.String)[pri:5, instance:pomtest.ManageCreateTest@55d56113]" name="selectTrainer" duration-ms="90" started-at="2018-05-30T20:38:43Z" data-provider="trainers" finished-at="2018-05-30T20:38:44Z">
          <params>
            <param index="0">
              <value>
                <![CDATA[Peter Alagna]]>
              </value>
            </param>
          </params>
          <reporter-output>
          </reporter-output>
        </test-method> <!-- selectTrainer -->
        <test-method status="PASS" signature="selectTrainer(java.lang.String)[pri:5, instance:pomtest.ManageCreateTest@55d56113]" name="selectTrainer" duration-ms="90" started-at="2018-05-30T20:38:44Z" data-provider="trainers" finished-at="2018-05-30T20:38:44Z">
          <params>
            <param index="0">
              <value>
                <![CDATA[Stanley Medikonda]]>
              </value>
            </param>
          </params>
          <reporter-output>
          </reporter-output>
        </test-method> <!-- selectTrainer -->
        <test-method status="PASS" signature="selectTrainer(java.lang.String)[pri:5, instance:pomtest.ManageCreateTest@55d56113]" name="selectTrainer" duration-ms="88" started-at="2018-05-30T20:38:44Z" data-provider="trainers" finished-at="2018-05-30T20:38:44Z">
          <params>
            <param index="0">
              <value>
                <![CDATA[Gray Wynne]]>
              </value>
            </param>
          </params>
          <reporter-output>
          </reporter-output>
        </test-method> <!-- selectTrainer -->
        <test-method status="PASS" signature="selectTrainer(java.lang.String)[pri:5, instance:pomtest.ManageCreateTest@55d56113]" name="selectTrainer" duration-ms="101" started-at="2018-05-30T20:38:44Z" data-provider="trainers" finished-at="2018-05-30T20:38:44Z">
          <params>
            <param index="0">
              <value>
                <![CDATA[Orson Wallace]]>
              </value>
            </param>
          </params>
          <reporter-output>
          </reporter-output>
        </test-method> <!-- selectTrainer -->
        <test-method status="PASS" signature="selectTrainer(java.lang.String)[pri:5, instance:pomtest.ManageCreateTest@55d56113]" name="selectTrainer" duration-ms="103" started-at="2018-05-30T20:38:44Z" data-provider="trainers" finished-at="2018-05-30T20:38:44Z">
          <params>
            <param index="0">
              <value>
                <![CDATA[Shelby Levinson]]>
              </value>
            </param>
          </params>
          <reporter-output>
          </reporter-output>
        </test-method> <!-- selectTrainer -->
        <test-method status="PASS" signature="selectTrainer(java.lang.String)[pri:5, instance:pomtest.ManageCreateTest@55d56113]" name="selectTrainer" duration-ms="72" started-at="2018-05-30T20:38:44Z" data-provider="trainers" finished-at="2018-05-30T20:38:44Z">
          <params>
            <param index="0">
              <value>
                <![CDATA[Gray Wynne]]>
              </value>
            </param>
          </params>
          <reporter-output>
          </reporter-output>
        </test-method> <!-- selectTrainer -->
        <test-method status="PASS" signature="selectTrainer(java.lang.String)[pri:5, instance:pomtest.ManageCreateTest@55d56113]" name="selectTrainer" duration-ms="74" started-at="2018-05-30T20:38:44Z" data-provider="trainers" finished-at="2018-05-30T20:38:44Z">
          <params>
            <param index="0">
              <value>
                <![CDATA[Orson Wallace]]>
              </value>
            </param>
          </params>
          <reporter-output>
          </reporter-output>
        </test-method> <!-- selectTrainer -->
        <test-method status="PASS" signature="selectTrainer(java.lang.String)[pri:5, instance:pomtest.ManageCreateTest@55d56113]" name="selectTrainer" duration-ms="71" started-at="2018-05-30T20:38:44Z" data-provider="trainers" finished-at="2018-05-30T20:38:44Z">
          <params>
            <param index="0">
              <value>
                <![CDATA[Shelby Levinson]]>
              </value>
            </param>
          </params>
          <reporter-output>
          </reporter-output>
        </test-method> <!-- selectTrainer -->
        <test-method status="PASS" signature="selectTrainer(java.lang.String)[pri:5, instance:pomtest.ManageCreateTest@55d56113]" name="selectTrainer" duration-ms="88" started-at="2018-05-30T20:38:44Z" data-provider="trainers" finished-at="2018-05-30T20:38:44Z">
          <params>
            <param index="0">
              <value>
                <![CDATA[Walter Payne]]>
              </value>
            </param>
          </params>
          <reporter-output>
          </reporter-output>
        </test-method> <!-- selectTrainer -->
        <test-method status="PASS" signature="selectTrainer(java.lang.String)[pri:5, instance:pomtest.ManageCreateTest@55d56113]" name="selectTrainer" duration-ms="89" started-at="2018-05-30T20:38:44Z" data-provider="trainers" finished-at="2018-05-30T20:38:44Z">
          <params>
            <param index="0">
              <value>
                <![CDATA[Natalie Church]]>
              </value>
            </param>
          </params>
          <reporter-output>
          </reporter-output>
        </test-method> <!-- selectTrainer -->
        <test-method status="PASS" signature="selectTrainer(java.lang.String)[pri:5, instance:pomtest.ManageCreateTest@55d56113]" name="selectTrainer" duration-ms="90" started-at="2018-05-30T20:38:44Z" data-provider="trainers" finished-at="2018-05-30T20:38:44Z">
          <params>
            <param index="0">
              <value>
                <![CDATA[Archer Radcliff]]>
              </value>
            </param>
          </params>
          <reporter-output>
          </reporter-output>
        </test-method> <!-- selectTrainer -->
        <test-method status="PASS" signature="selectTrainer(java.lang.String)[pri:5, instance:pomtest.ManageCreateTest@55d56113]" name="selectTrainer" duration-ms="107" started-at="2018-05-30T20:38:44Z" data-provider="trainers" finished-at="2018-05-30T20:38:45Z">
          <params>
            <param index="0">
              <value>
                <![CDATA[Rajesh Yamunachari]]>
              </value>
            </param>
          </params>
          <reporter-output>
          </reporter-output>
        </test-method> <!-- selectTrainer -->
        <test-method status="PASS" signature="selectTrainer(java.lang.String)[pri:5, instance:pomtest.ManageCreateTest@55d56113]" name="selectTrainer" duration-ms="90" started-at="2018-05-30T20:38:45Z" data-provider="trainers" finished-at="2018-05-30T20:38:45Z">
          <params>
            <param index="0">
              <value>
                <![CDATA[Raghavan Swaminathan]]>
              </value>
            </param>
          </params>
          <reporter-output>
          </reporter-output>
        </test-method> <!-- selectTrainer -->
        <test-method status="PASS" signature="selectTrainer(java.lang.String)[pri:5, instance:pomtest.ManageCreateTest@55d56113]" name="selectTrainer" duration-ms="89" started-at="2018-05-30T20:38:45Z" data-provider="trainers" finished-at="2018-05-30T20:38:45Z">
          <params>
            <param index="0">
              <value>
                <![CDATA[Marvin]]>
              </value>
            </param>
          </params>
          <reporter-output>
          </reporter-output>
        </test-method> <!-- selectTrainer -->
        <test-method status="PASS" signature="selectTrainer(java.lang.String)[pri:5, instance:pomtest.ManageCreateTest@55d56113]" name="selectTrainer" duration-ms="89" started-at="2018-05-30T20:38:45Z" data-provider="trainers" finished-at="2018-05-30T20:38:45Z">
          <params>
            <param index="0">
              <value>
                <![CDATA[Spongebob Squarepants]]>
              </value>
            </param>
          </params>
          <reporter-output>
          </reporter-output>
        </test-method> <!-- selectTrainer -->
        <test-method status="PASS" signature="selectTrainer(java.lang.String)[pri:5, instance:pomtest.ManageCreateTest@55d56113]" name="selectTrainer" duration-ms="90" started-at="2018-05-30T20:38:45Z" data-provider="trainers" finished-at="2018-05-30T20:38:45Z">
          <params>
            <param index="0">
              <value>
                <![CDATA[Kermit Frog]]>
              </value>
            </param>
          </params>
          <reporter-output>
          </reporter-output>
        </test-method> <!-- selectTrainer -->
        <test-method status="PASS" signature="selectTrainer(java.lang.String)[pri:5, instance:pomtest.ManageCreateTest@55d56113]" name="selectTrainer" duration-ms="105" started-at="2018-05-30T20:38:45Z" data-provider="trainers" finished-at="2018-05-30T20:38:45Z">
          <params>
            <param index="0">
              <value>
                <![CDATA[!@#$%^&*()]]>
              </value>
            </param>
          </params>
          <reporter-output>
          </reporter-output>
        </test-method> <!-- selectTrainer -->
        <test-method status="PASS" signature="selectCotrainer(java.lang.String)[pri:6, instance:pomtest.ManageCreateTest@55d56113]" name="selectCotrainer" duration-ms="181" started-at="2018-05-30T20:38:45Z" data-provider="trainers" finished-at="2018-05-30T20:38:45Z">
          <params>
            <param index="0">
              <value>
                <![CDATA[123]]>
              </value>
            </param>
          </params>
          <reporter-output>
          </reporter-output>
        </test-method> <!-- selectCotrainer -->
        <test-method status="PASS" signature="selectCotrainer(java.lang.String)[pri:6, instance:pomtest.ManageCreateTest@55d56113]" name="selectCotrainer" duration-ms="111" started-at="2018-05-30T20:38:45Z" data-provider="trainers" finished-at="2018-05-30T20:38:45Z">
          <params>
            <param index="0">
              <value>
                <![CDATA[Name]]>
              </value>
            </param>
          </params>
          <reporter-output>
          </reporter-output>
        </test-method> <!-- selectCotrainer -->
        <test-method status="PASS" signature="selectCotrainer(java.lang.String)[pri:6, instance:pomtest.ManageCreateTest@55d56113]" name="selectCotrainer" duration-ms="94" started-at="2018-05-30T20:38:45Z" data-provider="trainers" finished-at="2018-05-30T20:38:45Z">
          <params>
            <param index="0">
              <value>
                <![CDATA[bfs]]>
              </value>
            </param>
          </params>
          <reporter-output>
          </reporter-output>
        </test-method> <!-- selectCotrainer -->
        <test-method status="PASS" signature="selectCotrainer(java.lang.String)[pri:6, instance:pomtest.ManageCreateTest@55d56113]" name="selectCotrainer" duration-ms="91" started-at="2018-05-30T20:38:45Z" data-provider="trainers" finished-at="2018-05-30T20:38:45Z">
          <params>
            <param index="0">
              <value>
                <![CDATA[Patrick Walsh]]>
              </value>
            </param>
          </params>
          <reporter-output>
          </reporter-output>
        </test-method> <!-- selectCotrainer -->
        <test-method status="PASS" signature="selectCotrainer(java.lang.String)[pri:6, instance:pomtest.ManageCreateTest@55d56113]" name="selectCotrainer" duration-ms="90" started-at="2018-05-30T20:38:45Z" data-provider="trainers" finished-at="2018-05-30T20:38:46Z">
          <params>
            <param index="0">
              <value>
                <![CDATA[Dan Pickles]]>
              </value>
            </param>
          </params>
          <reporter-output>
          </reporter-output>
        </test-method> <!-- selectCotrainer -->
        <test-method status="PASS" signature="selectCotrainer(java.lang.String)[pri:6, instance:pomtest.ManageCreateTest@55d56113]" name="selectCotrainer" duration-ms="108" started-at="2018-05-30T20:38:46Z" data-provider="trainers" finished-at="2018-05-30T20:38:46Z">
          <params>
            <param index="0">
              <value>
                <![CDATA[Karan Dhirar]]>
              </value>
            </param>
          </params>
          <reporter-output>
          </reporter-output>
        </test-method> <!-- selectCotrainer -->
        <test-method status="PASS" signature="selectCotrainer(java.lang.String)[pri:6, instance:pomtest.ManageCreateTest@55d56113]" name="selectCotrainer" duration-ms="98" started-at="2018-05-30T20:38:46Z" data-provider="trainers" finished-at="2018-05-30T20:38:46Z">
          <params>
            <param index="0">
              <value>
                <![CDATA[Brian Connolly]]>
              </value>
            </param>
          </params>
          <reporter-output>
          </reporter-output>
        </test-method> <!-- selectCotrainer -->
        <test-method status="PASS" signature="selectCotrainer(java.lang.String)[pri:6, instance:pomtest.ManageCreateTest@55d56113]" name="selectCotrainer" duration-ms="84" started-at="2018-05-30T20:38:46Z" data-provider="trainers" finished-at="2018-05-30T20:38:46Z">
          <params>
            <param index="0">
              <value>
                <![CDATA[Genesis Bonds]]>
              </value>
            </param>
          </params>
          <reporter-output>
          </reporter-output>
        </test-method> <!-- selectCotrainer -->
        <test-method status="PASS" signature="selectCotrainer(java.lang.String)[pri:6, instance:pomtest.ManageCreateTest@55d56113]" name="selectCotrainer" duration-ms="85" started-at="2018-05-30T20:38:46Z" data-provider="trainers" finished-at="2018-05-30T20:38:46Z">
          <params>
            <param index="0">
              <value>
                <![CDATA[Ankit Garg]]>
              </value>
            </param>
          </params>
          <reporter-output>
          </reporter-output>
        </test-method> <!-- selectCotrainer -->
        <test-method status="PASS" signature="selectCotrainer(java.lang.String)[pri:6, instance:pomtest.ManageCreateTest@55d56113]" name="selectCotrainer" duration-ms="86" started-at="2018-05-30T20:38:46Z" data-provider="trainers" finished-at="2018-05-30T20:38:46Z">
          <params>
            <param index="0">
              <value>
                <![CDATA[Ryan Lessley]]>
              </value>
            </param>
          </params>
          <reporter-output>
          </reporter-output>
        </test-method> <!-- selectCotrainer -->
        <test-method status="PASS" signature="selectCotrainer(java.lang.String)[pri:6, instance:pomtest.ManageCreateTest@55d56113]" name="selectCotrainer" duration-ms="90" started-at="2018-05-30T20:38:46Z" data-provider="trainers" finished-at="2018-05-30T20:38:46Z">
          <params>
            <param index="0">
              <value>
                <![CDATA[Steven Kelsey]]>
              </value>
            </param>
          </params>
          <reporter-output>
          </reporter-output>
        </test-method> <!-- selectCotrainer -->
        <test-method status="PASS" signature="selectCotrainer(java.lang.String)[pri:6, instance:pomtest.ManageCreateTest@55d56113]" name="selectCotrainer" duration-ms="88" started-at="2018-05-30T20:38:46Z" data-provider="trainers" finished-at="2018-05-30T20:38:46Z">
          <params>
            <param index="0">
              <value>
                <![CDATA[Emily Higgins]]>
              </value>
            </param>
          </params>
          <reporter-output>
          </reporter-output>
        </test-method> <!-- selectCotrainer -->
        <test-method status="PASS" signature="selectCotrainer(java.lang.String)[pri:6, instance:pomtest.ManageCreateTest@55d56113]" name="selectCotrainer" duration-ms="80" started-at="2018-05-30T20:38:46Z" data-provider="trainers" finished-at="2018-05-30T20:38:46Z">
          <params>
            <param index="0">
              <value>
                <![CDATA[Taylor Kemper]]>
              </value>
            </param>
          </params>
          <reporter-output>
          </reporter-output>
        </test-method> <!-- selectCotrainer -->
        <test-method status="PASS" signature="selectCotrainer(java.lang.String)[pri:6, instance:pomtest.ManageCreateTest@55d56113]" name="selectCotrainer" duration-ms="81" started-at="2018-05-30T20:38:46Z" data-provider="trainers" finished-at="2018-05-30T20:38:46Z">
          <params>
            <param index="0">
              <value>
                <![CDATA[Richard Orr]]>
              </value>
            </param>
          </params>
          <reporter-output>
          </reporter-output>
        </test-method> <!-- selectCotrainer -->
        <test-method status="PASS" signature="selectCotrainer(java.lang.String)[pri:6, instance:pomtest.ManageCreateTest@55d56113]" name="selectCotrainer" duration-ms="86" started-at="2018-05-30T20:38:46Z" data-provider="trainers" finished-at="2018-05-30T20:38:46Z">
          <params>
            <param index="0">
              <value>
                <![CDATA[Nickolas Jurczak]]>
              </value>
            </param>
          </params>
          <reporter-output>
          </reporter-output>
        </test-method> <!-- selectCotrainer -->
        <test-method status="PASS" signature="selectCotrainer(java.lang.String)[pri:6, instance:pomtest.ManageCreateTest@55d56113]" name="selectCotrainer" duration-ms="86" started-at="2018-05-30T20:38:46Z" data-provider="trainers" finished-at="2018-05-30T20:38:47Z">
          <params>
            <param index="0">
              <value>
                <![CDATA[August Duet]]>
              </value>
            </param>
          </params>
          <reporter-output>
          </reporter-output>
        </test-method> <!-- selectCotrainer -->
        <test-method status="PASS" signature="selectCotrainer(java.lang.String)[pri:6, instance:pomtest.ManageCreateTest@55d56113]" name="selectCotrainer" duration-ms="85" started-at="2018-05-30T20:38:47Z" data-provider="trainers" finished-at="2018-05-30T20:38:47Z">
          <params>
            <param index="0">
              <value>
                <![CDATA[Yuvaraj Damodaran]]>
              </value>
            </param>
          </params>
          <reporter-output>
          </reporter-output>
        </test-method> <!-- selectCotrainer -->
        <test-method status="PASS" signature="selectCotrainer(java.lang.String)[pri:6, instance:pomtest.ManageCreateTest@55d56113]" name="selectCotrainer" duration-ms="82" started-at="2018-05-30T20:38:47Z" data-provider="trainers" finished-at="2018-05-30T20:38:47Z">
          <params>
            <param index="0">
              <value>
                <![CDATA[Fred Belotte]]>
              </value>
            </param>
          </params>
          <reporter-output>
          </reporter-output>
        </test-method> <!-- selectCotrainer -->
        <test-method status="PASS" signature="selectCotrainer(java.lang.String)[pri:6, instance:pomtest.ManageCreateTest@55d56113]" name="selectCotrainer" duration-ms="81" started-at="2018-05-30T20:38:47Z" data-provider="trainers" finished-at="2018-05-30T20:38:47Z">
          <params>
            <param index="0">
              <value>
                <![CDATA[Mehrab Rahman]]>
              </value>
            </param>
          </params>
          <reporter-output>
          </reporter-output>
        </test-method> <!-- selectCotrainer -->
        <test-method status="PASS" signature="selectCotrainer(java.lang.String)[pri:6, instance:pomtest.ManageCreateTest@55d56113]" name="selectCotrainer" duration-ms="91" started-at="2018-05-30T20:38:47Z" data-provider="trainers" finished-at="2018-05-30T20:38:47Z">
          <params>
            <param index="0">
              <value>
                <![CDATA[Peter Alagna]]>
              </value>
            </param>
          </params>
          <reporter-output>
          </reporter-output>
        </test-method> <!-- selectCotrainer -->
        <test-method status="PASS" signature="selectCotrainer(java.lang.String)[pri:6, instance:pomtest.ManageCreateTest@55d56113]" name="selectCotrainer" duration-ms="55" started-at="2018-05-30T20:38:47Z" data-provider="trainers" finished-at="2018-05-30T20:38:47Z">
          <params>
            <param index="0">
              <value>
                <![CDATA[Mehrab Rahman]]>
              </value>
            </param>
          </params>
          <reporter-output>
          </reporter-output>
        </test-method> <!-- selectCotrainer -->
        <test-method status="PASS" signature="selectCotrainer(java.lang.String)[pri:6, instance:pomtest.ManageCreateTest@55d56113]" name="selectCotrainer" duration-ms="57" started-at="2018-05-30T20:38:47Z" data-provider="trainers" finished-at="2018-05-30T20:38:47Z">
          <params>
            <param index="0">
              <value>
                <![CDATA[Peter Alagna]]>
              </value>
            </param>
          </params>
          <reporter-output>
          </reporter-output>
        </test-method> <!-- selectCotrainer -->
        <test-method status="PASS" signature="selectCotrainer(java.lang.String)[pri:6, instance:pomtest.ManageCreateTest@55d56113]" name="selectCotrainer" duration-ms="87" started-at="2018-05-30T20:38:47Z" data-provider="trainers" finished-at="2018-05-30T20:38:47Z">
          <params>
            <param index="0">
              <value>
                <![CDATA[Stanley Medikonda]]>
              </value>
            </param>
          </params>
          <reporter-output>
          </reporter-output>
        </test-method> <!-- selectCotrainer -->
        <test-method status="PASS" signature="selectCotrainer(java.lang.String)[pri:6, instance:pomtest.ManageCreateTest@55d56113]" name="selectCotrainer" duration-ms="81" started-at="2018-05-30T20:38:47Z" data-provider="trainers" finished-at="2018-05-30T20:38:47Z">
          <params>
            <param index="0">
              <value>
                <![CDATA[Gray Wynne]]>
              </value>
            </param>
          </params>
          <reporter-output>
          </reporter-output>
        </test-method> <!-- selectCotrainer -->
        <test-method status="PASS" signature="selectCotrainer(java.lang.String)[pri:6, instance:pomtest.ManageCreateTest@55d56113]" name="selectCotrainer" duration-ms="85" started-at="2018-05-30T20:38:47Z" data-provider="trainers" finished-at="2018-05-30T20:38:47Z">
          <params>
            <param index="0">
              <value>
                <![CDATA[Orson Wallace]]>
              </value>
            </param>
          </params>
          <reporter-output>
          </reporter-output>
        </test-method> <!-- selectCotrainer -->
        <test-method status="PASS" signature="selectCotrainer(java.lang.String)[pri:6, instance:pomtest.ManageCreateTest@55d56113]" name="selectCotrainer" duration-ms="81" started-at="2018-05-30T20:38:47Z" data-provider="trainers" finished-at="2018-05-30T20:38:47Z">
          <params>
            <param index="0">
              <value>
                <![CDATA[Shelby Levinson]]>
              </value>
            </param>
          </params>
          <reporter-output>
          </reporter-output>
        </test-method> <!-- selectCotrainer -->
        <test-method status="PASS" signature="selectCotrainer(java.lang.String)[pri:6, instance:pomtest.ManageCreateTest@55d56113]" name="selectCotrainer" duration-ms="57" started-at="2018-05-30T20:38:47Z" data-provider="trainers" finished-at="2018-05-30T20:38:47Z">
          <params>
            <param index="0">
              <value>
                <![CDATA[Gray Wynne]]>
              </value>
            </param>
          </params>
          <reporter-output>
          </reporter-output>
        </test-method> <!-- selectCotrainer -->
        <test-method status="PASS" signature="selectCotrainer(java.lang.String)[pri:6, instance:pomtest.ManageCreateTest@55d56113]" name="selectCotrainer" duration-ms="59" started-at="2018-05-30T20:38:47Z" data-provider="trainers" finished-at="2018-05-30T20:38:47Z">
          <params>
            <param index="0">
              <value>
                <![CDATA[Orson Wallace]]>
              </value>
            </param>
          </params>
          <reporter-output>
          </reporter-output>
        </test-method> <!-- selectCotrainer -->
        <test-method status="PASS" signature="selectCotrainer(java.lang.String)[pri:6, instance:pomtest.ManageCreateTest@55d56113]" name="selectCotrainer" duration-ms="59" started-at="2018-05-30T20:38:47Z" data-provider="trainers" finished-at="2018-05-30T20:38:48Z">
          <params>
            <param index="0">
              <value>
                <![CDATA[Shelby Levinson]]>
              </value>
            </param>
          </params>
          <reporter-output>
          </reporter-output>
        </test-method> <!-- selectCotrainer -->
        <test-method status="PASS" signature="selectCotrainer(java.lang.String)[pri:6, instance:pomtest.ManageCreateTest@55d56113]" name="selectCotrainer" duration-ms="82" started-at="2018-05-30T20:38:48Z" data-provider="trainers" finished-at="2018-05-30T20:38:48Z">
          <params>
            <param index="0">
              <value>
                <![CDATA[Walter Payne]]>
              </value>
            </param>
          </params>
          <reporter-output>
          </reporter-output>
        </test-method> <!-- selectCotrainer -->
        <test-method status="PASS" signature="selectCotrainer(java.lang.String)[pri:6, instance:pomtest.ManageCreateTest@55d56113]" name="selectCotrainer" duration-ms="80" started-at="2018-05-30T20:38:48Z" data-provider="trainers" finished-at="2018-05-30T20:38:48Z">
          <params>
            <param index="0">
              <value>
                <![CDATA[Natalie Church]]>
              </value>
            </param>
          </params>
          <reporter-output>
          </reporter-output>
        </test-method> <!-- selectCotrainer -->
        <test-method status="PASS" signature="selectCotrainer(java.lang.String)[pri:6, instance:pomtest.ManageCreateTest@55d56113]" name="selectCotrainer" duration-ms="87" started-at="2018-05-30T20:38:48Z" data-provider="trainers" finished-at="2018-05-30T20:38:48Z">
          <params>
            <param index="0">
              <value>
                <![CDATA[Archer Radcliff]]>
              </value>
            </param>
          </params>
          <reporter-output>
          </reporter-output>
        </test-method> <!-- selectCotrainer -->
        <test-method status="PASS" signature="selectCotrainer(java.lang.String)[pri:6, instance:pomtest.ManageCreateTest@55d56113]" name="selectCotrainer" duration-ms="88" started-at="2018-05-30T20:38:48Z" data-provider="trainers" finished-at="2018-05-30T20:38:48Z">
          <params>
            <param index="0">
              <value>
                <![CDATA[Rajesh Yamunachari]]>
              </value>
            </param>
          </params>
          <reporter-output>
          </reporter-output>
        </test-method> <!-- selectCotrainer -->
        <test-method status="PASS" signature="selectCotrainer(java.lang.String)[pri:6, instance:pomtest.ManageCreateTest@55d56113]" name="selectCotrainer" duration-ms="82" started-at="2018-05-30T20:38:48Z" data-provider="trainers" finished-at="2018-05-30T20:38:48Z">
          <params>
            <param index="0">
              <value>
                <![CDATA[Raghavan Swaminathan]]>
              </value>
            </param>
          </params>
          <reporter-output>
          </reporter-output>
        </test-method> <!-- selectCotrainer -->
        <test-method status="PASS" signature="selectCotrainer(java.lang.String)[pri:6, instance:pomtest.ManageCreateTest@55d56113]" name="selectCotrainer" duration-ms="79" started-at="2018-05-30T20:38:48Z" data-provider="trainers" finished-at="2018-05-30T20:38:48Z">
          <params>
            <param index="0">
              <value>
                <![CDATA[Marvin]]>
              </value>
            </param>
          </params>
          <reporter-output>
          </reporter-output>
        </test-method> <!-- selectCotrainer -->
        <test-method status="PASS" signature="selectCotrainer(java.lang.String)[pri:6, instance:pomtest.ManageCreateTest@55d56113]" name="selectCotrainer" duration-ms="88" started-at="2018-05-30T20:38:48Z" data-provider="trainers" finished-at="2018-05-30T20:38:48Z">
          <params>
            <param index="0">
              <value>
                <![CDATA[Spongebob Squarepants]]>
              </value>
            </param>
          </params>
          <reporter-output>
          </reporter-output>
        </test-method> <!-- selectCotrainer -->
        <test-method status="PASS" signature="selectCotrainer(java.lang.String)[pri:6, instance:pomtest.ManageCreateTest@55d56113]" name="selectCotrainer" duration-ms="83" started-at="2018-05-30T20:38:48Z" data-provider="trainers" finished-at="2018-05-30T20:38:48Z">
          <params>
            <param index="0">
              <value>
                <![CDATA[Kermit Frog]]>
              </value>
            </param>
          </params>
          <reporter-output>
          </reporter-output>
        </test-method> <!-- selectCotrainer -->
        <test-method status="PASS" signature="selectCotrainer(java.lang.String)[pri:6, instance:pomtest.ManageCreateTest@55d56113]" name="selectCotrainer" duration-ms="0" started-at="2018-05-30T20:38:48Z" data-provider="trainers" finished-at="2018-05-30T20:38:48Z">
          <params>
            <param index="0">
              <value>
                <![CDATA[!@#$%^&*()]]>
              </value>
            </param>
          </params>
          <reporter-output>
          </reporter-output>
        </test-method> <!-- selectCotrainer -->
        <test-method status="PASS" signature="selectStart()[pri:7, instance:pomtest.ManageCreateTest@55d56113]" name="selectStart" duration-ms="107" started-at="2018-05-30T20:38:48Z" finished-at="2018-05-30T20:38:48Z">
          <reporter-output>
          </reporter-output>
        </test-method> <!-- selectStart -->
        <test-method status="PASS" signature="selectEnd()[pri:8, instance:pomtest.ManageCreateTest@55d56113]" name="selectEnd" duration-ms="111" started-at="2018-05-30T20:38:48Z" finished-at="2018-05-30T20:38:48Z">
          <reporter-output>
          </reporter-output>
        </test-method> <!-- selectEnd -->
        <test-method status="PASS" signature="inputGood()[pri:9, instance:pomtest.ManageCreateTest@55d56113]" name="inputGood" duration-ms="104" started-at="2018-05-30T20:38:48Z" finished-at="2018-05-30T20:38:49Z">
          <reporter-output>
          </reporter-output>
        </test-method> <!-- inputGood -->
        <test-method status="PASS" signature="inputPassing()[pri:10, instance:pomtest.ManageCreateTest@55d56113]" name="inputPassing" duration-ms="91" started-at="2018-05-30T20:38:49Z" finished-at="2018-05-30T20:38:49Z">
          <reporter-output>
          </reporter-output>
        </test-method> <!-- inputPassing -->
        <test-method status="PASS" signature="buttonSave()[pri:11, instance:pomtest.ManageCreateTest@55d56113]" name="buttonSave" duration-ms="48" started-at="2018-05-30T20:38:49Z" finished-at="2018-05-30T20:38:49Z">
          <reporter-output>
          </reporter-output>
        </test-method> <!-- buttonSave -->
        <test-method status="PASS" signature="buttonClose()[pri:12, instance:pomtest.ManageCreateTest@55d56113]" name="buttonClose" duration-ms="1359" started-at="2018-05-30T20:38:49Z" finished-at="2018-05-30T20:38:50Z">
          <reporter-output>
          </reporter-output>
        </test-method> <!-- buttonClose -->
        <test-method status="PASS" signature="buttonX()[pri:13, instance:pomtest.ManageCreateTest@55d56113]" name="buttonX" duration-ms="1267" started-at="2018-05-30T20:38:50Z" finished-at="2018-05-30T20:38:51Z">
          <reporter-output>
          </reporter-output>
        </test-method> <!-- buttonX -->
        <test-method status="PASS" signature="afterSuite()[pri:0, instance:pomtest.ManageCreateTest@55d56113]" name="afterSuite" is-config="true" duration-ms="2081" started-at="2018-05-30T20:38:51Z" finished-at="2018-05-30T20:38:53Z">
          <reporter-output>
          </reporter-output>
        </test-method> <!-- afterSuite -->
      </class> <!-- pomtest.ManageCreateTest -->
    </test> <!-- managebatch>createbatch -->
  </suite> <!-- pommanagecreate -->
  <suite name="pommanageyear" duration-ms="1413" started-at="2018-05-31T00:38:28Z" finished-at="2018-05-31T00:38:30Z">
    <groups>
    </groups>
    <test name="managebatch&gt;years" duration-ms="1413" started-at="2018-05-31T00:38:28Z" finished-at="2018-05-31T00:38:30Z">
      <class name="pomtest.ManageYearTest">
        <test-method status="PASS" signature="beforeSuite()[pri:0, instance:pomtest.ManageYearTest@5649fd9b]" name="beforeSuite" is-config="true" duration-ms="7642" started-at="2018-05-30T20:38:21Z" finished-at="2018-05-30T20:38:28Z">
          <reporter-output>
          </reporter-output>
        </test-method> <!-- beforeSuite -->
        <test-method status="PASS" signature="listYears(java.lang.String)[pri:1, instance:pomtest.ManageYearTest@5649fd9b]" name="listYears" duration-ms="866" started-at="2018-05-30T20:38:28Z" data-provider="years" finished-at="2018-05-30T20:38:29Z">
          <params>
            <param index="0">
              <value>
                <![CDATA[2019]]>
              </value>
            </param>
          </params>
          <reporter-output>
          </reporter-output>
        </test-method> <!-- listYears -->
        <test-method status="PASS" signature="listYears(java.lang.String)[pri:1, instance:pomtest.ManageYearTest@5649fd9b]" name="listYears" duration-ms="201" started-at="2018-05-30T20:38:29Z" data-provider="years" finished-at="2018-05-30T20:38:29Z">
          <params>
            <param index="0">
              <value>
                <![CDATA[2018]]>
              </value>
            </param>
          </params>
          <reporter-output>
          </reporter-output>
        </test-method> <!-- listYears -->
        <test-method status="PASS" signature="listYears(java.lang.String)[pri:1, instance:pomtest.ManageYearTest@5649fd9b]" name="listYears" duration-ms="165" started-at="2018-05-30T20:38:29Z" data-provider="years" finished-at="2018-05-30T20:38:29Z">
          <params>
            <param index="0">
              <value>
                <![CDATA[2017]]>
              </value>
            </param>
          </params>
          <reporter-output>
          </reporter-output>
        </test-method> <!-- listYears -->
        <test-method status="PASS" signature="listYears(java.lang.String)[pri:1, instance:pomtest.ManageYearTest@5649fd9b]" name="listYears" duration-ms="171" started-at="2018-05-30T20:38:29Z" data-provider="years" finished-at="2018-05-30T20:38:30Z">
          <params>
            <param index="0">
              <value>
                <![CDATA[2016]]>
              </value>
            </param>
          </params>
          <reporter-output>
          </reporter-output>
        </test-method> <!-- listYears -->
        <test-method status="PASS" signature="afterSuite()[pri:0, instance:pomtest.ManageYearTest@5649fd9b]" name="afterSuite" is-config="true" duration-ms="242" started-at="2018-05-30T20:38:30Z" finished-at="2018-05-30T20:38:30Z">
          <reporter-output>
          </reporter-output>
        </test-method> <!-- afterSuite -->
      </class> <!-- pomtest.ManageYearTest -->
    </test> <!-- managebatch>years -->
  </suite> <!-- pommanageyear -->
  <suite name="pommanagetraineeview" duration-ms="14413" started-at="2018-05-31T00:39:04Z" finished-at="2018-05-31T00:39:18Z">
    <groups>
    </groups>
    <test name="managebatch&gt;viewtrainee" duration-ms="14413" started-at="2018-05-31T00:39:04Z" finished-at="2018-05-31T00:39:18Z">
      <class name="pomtest.ManageTraineeViewTest">
        <test-method status="PASS" signature="beforeSuite()[pri:0, instance:pomtest.ManageTraineeViewTest@2038ae61]" name="beforeSuite" is-config="true" duration-ms="10272" started-at="2018-05-30T20:38:53Z" finished-at="2018-05-30T20:39:04Z">
          <reporter-output>
          </reporter-output>
        </test-method> <!-- beforeSuite -->
        <test-method status="PASS" signature="traineeView()[pri:1, instance:pomtest.ManageTraineeViewTest@2038ae61]" name="traineeView" duration-ms="137" started-at="2018-05-30T20:39:04Z" finished-at="2018-05-30T20:39:04Z">
          <reporter-output>
          </reporter-output>
        </test-method> <!-- traineeView -->
        <test-method status="PASS" signature="traineeActive()[pri:2, instance:pomtest.ManageTraineeViewTest@2038ae61]" name="traineeActive" duration-ms="906" started-at="2018-05-30T20:39:04Z" finished-at="2018-05-30T20:39:05Z">
          <reporter-output>
          </reporter-output>
        </test-method> <!-- traineeActive -->
        <test-method status="PASS" signature="traineeAdd()[pri:3, instance:pomtest.ManageTraineeViewTest@2038ae61]" name="traineeAdd" duration-ms="143" started-at="2018-05-30T20:39:05Z" finished-at="2018-05-30T20:39:05Z">
          <reporter-output>
          </reporter-output>
        </test-method> <!-- traineeAdd -->
        <test-method status="PASS" signature="inputName()[pri:4, instance:pomtest.ManageTraineeViewTest@2038ae61]" name="inputName" duration-ms="463" started-at="2018-05-30T20:39:05Z" finished-at="2018-05-30T20:39:05Z">
          <reporter-output>
          </reporter-output>
        </test-method> <!-- inputName -->
        <test-method status="PASS" signature="inputEmail()[pri:5, instance:pomtest.ManageTraineeViewTest@2038ae61]" name="inputEmail" duration-ms="349" started-at="2018-05-30T20:39:05Z" finished-at="2018-05-30T20:39:06Z">
          <reporter-output>
          </reporter-output>
        </test-method> <!-- inputEmail -->
        <test-method status="PASS" signature="inputSkype()[pri:6, instance:pomtest.ManageTraineeViewTest@2038ae61]" name="inputSkype" duration-ms="117" started-at="2018-05-30T20:39:06Z" finished-at="2018-05-30T20:39:06Z">
          <reporter-output>
          </reporter-output>
        </test-method> <!-- inputSkype -->
        <test-method status="PASS" signature="inputPhone()[pri:7, instance:pomtest.ManageTraineeViewTest@2038ae61]" name="inputPhone" duration-ms="196" started-at="2018-05-30T20:39:06Z" finished-at="2018-05-30T20:39:06Z">
          <reporter-output>
          </reporter-output>
        </test-method> <!-- inputPhone -->
        <test-method status="PASS" signature="inputCollege()[pri:8, instance:pomtest.ManageTraineeViewTest@2038ae61]" name="inputCollege" duration-ms="125" started-at="2018-05-30T20:39:06Z" finished-at="2018-05-30T20:39:06Z">
          <reporter-output>
          </reporter-output>
        </test-method> <!-- inputCollege -->
        <test-method status="PASS" signature="inputDegree()[pri:9, instance:pomtest.ManageTraineeViewTest@2038ae61]" name="inputDegree" duration-ms="127" started-at="2018-05-30T20:39:06Z" finished-at="2018-05-30T20:39:06Z">
          <reporter-output>
          </reporter-output>
        </test-method> <!-- inputDegree -->
        <test-method status="PASS" signature="inputMajor()[pri:10, instance:pomtest.ManageTraineeViewTest@2038ae61]" name="inputMajor" duration-ms="127" started-at="2018-05-30T20:39:06Z" finished-at="2018-05-30T20:39:06Z">
          <reporter-output>
          </reporter-output>
        </test-method> <!-- inputMajor -->
        <test-method status="PASS" signature="inputRecruiter()[pri:11, instance:pomtest.ManageTraineeViewTest@2038ae61]" name="inputRecruiter" duration-ms="204" started-at="2018-05-30T20:39:06Z" finished-at="2018-05-30T20:39:07Z">
          <reporter-output>
          </reporter-output>
        </test-method> <!-- inputRecruiter -->
        <test-method status="PASS" signature="inputTech()[pri:12, instance:pomtest.ManageTraineeViewTest@2038ae61]" name="inputTech" duration-ms="219" started-at="2018-05-30T20:39:07Z" finished-at="2018-05-30T20:39:07Z">
          <reporter-output>
          </reporter-output>
        </test-method> <!-- inputTech -->
        <test-method status="PASS" signature="inputProject()[pri:13, instance:pomtest.ManageTraineeViewTest@2038ae61]" name="inputProject" duration-ms="101" started-at="2018-05-30T20:39:07Z" finished-at="2018-05-30T20:39:07Z">
          <reporter-output>
          </reporter-output>
        </test-method> <!-- inputProject -->
        <test-method status="PASS" signature="selectTraining(java.lang.String)[pri:15, instance:pomtest.ManageTraineeViewTest@2038ae61]" name="selectTraining" duration-ms="111" started-at="2018-05-30T20:39:07Z" data-provider="trainingstatus" finished-at="2018-05-30T20:39:07Z">
          <params>
            <param index="0">
              <value>
                <![CDATA[Signed]]>
              </value>
            </param>
          </params>
          <reporter-output>
          </reporter-output>
        </test-method> <!-- selectTraining -->
        <test-method status="PASS" signature="selectTraining(java.lang.String)[pri:15, instance:pomtest.ManageTraineeViewTest@2038ae61]" name="selectTraining" duration-ms="112" started-at="2018-05-30T20:39:07Z" data-provider="trainingstatus" finished-at="2018-05-30T20:39:07Z">
          <params>
            <param index="0">
              <value>
                <![CDATA[Selected]]>
              </value>
            </param>
          </params>
          <reporter-output>
          </reporter-output>
        </test-method> <!-- selectTraining -->
        <test-method status="PASS" signature="selectTraining(java.lang.String)[pri:15, instance:pomtest.ManageTraineeViewTest@2038ae61]" name="selectTraining" duration-ms="97" started-at="2018-05-30T20:39:07Z" data-provider="trainingstatus" finished-at="2018-05-30T20:39:07Z">
          <params>
            <param index="0">
              <value>
                <![CDATA[Training]]>
              </value>
            </param>
          </params>
          <reporter-output>
          </reporter-output>
        </test-method> <!-- selectTraining -->
        <test-method status="PASS" signature="selectTraining(java.lang.String)[pri:15, instance:pomtest.ManageTraineeViewTest@2038ae61]" name="selectTraining" duration-ms="80" started-at="2018-05-30T20:39:07Z" data-provider="trainingstatus" finished-at="2018-05-30T20:39:07Z">
          <params>
            <param index="0">
              <value>
                <![CDATA[Marketing]]>
              </value>
            </param>
          </params>
          <reporter-output>
          </reporter-output>
        </test-method> <!-- selectTraining -->
        <test-method status="PASS" signature="selectTraining(java.lang.String)[pri:15, instance:pomtest.ManageTraineeViewTest@2038ae61]" name="selectTraining" duration-ms="84" started-at="2018-05-30T20:39:07Z" data-provider="trainingstatus" finished-at="2018-05-30T20:39:07Z">
          <params>
            <param index="0">
              <value>
                <![CDATA[Confirmed]]>
              </value>
            </param>
          </params>
          <reporter-output>
          </reporter-output>
        </test-method> <!-- selectTraining -->
        <test-method status="PASS" signature="selectTraining(java.lang.String)[pri:15, instance:pomtest.ManageTraineeViewTest@2038ae61]" name="selectTraining" duration-ms="83" started-at="2018-05-30T20:39:07Z" data-provider="trainingstatus" finished-at="2018-05-30T20:39:07Z">
          <params>
            <param index="0">
              <value>
                <![CDATA[Employed]]>
              </value>
            </param>
          </params>
          <reporter-output>
          </reporter-output>
        </test-method> <!-- selectTraining -->
        <test-method status="PASS" signature="selectTraining(java.lang.String)[pri:15, instance:pomtest.ManageTraineeViewTest@2038ae61]" name="selectTraining" duration-ms="85" started-at="2018-05-30T20:39:07Z" data-provider="trainingstatus" finished-at="2018-05-30T20:39:08Z">
          <params>
            <param index="0">
              <value>
                <![CDATA[Dropped]]>
              </value>
            </param>
          </params>
          <reporter-output>
          </reporter-output>
        </test-method> <!-- selectTraining -->
        <test-method status="PASS" signature="save()[pri:16, instance:pomtest.ManageTraineeViewTest@2038ae61]" name="save" duration-ms="49" started-at="2018-05-30T20:39:08Z" finished-at="2018-05-30T20:39:08Z">
          <reporter-output>
          </reporter-output>
        </test-method> <!-- save -->
        <test-method status="FAIL" signature="close()[pri:17, instance:pomtest.ManageTraineeViewTest@2038ae61]" name="close" duration-ms="5239" started-at="2018-05-30T20:39:08Z" finished-at="2018-05-30T20:39:13Z">
          <exception class="org.openqa.selenium.TimeoutException">
            <message>
              <![CDATA[Expected condition failed: waiting for invisibility of [[ChromeDriver: chrome on XP (440c4688da5812cfb4a3fde8e91c2b0b)] -> xpath: //*[@id="viewTraineeModal"]] (tried for 5 second(s) with 500 MILLISECONDS interval)
Build info: version: '3.8.1', revision: '6e95a6684b', time: '2017-12-01T18:33:54.468Z'
System info: host: 'LAPTOP-Q4VAUUHH', ip: '192.168.0.10', os.name: 'Windows 10', os.arch: 'amd64', os.version: '10.0', java.version: '1.8.0_171'
Driver info: org.openqa.selenium.chrome.ChromeDriver
Capabilities {acceptInsecureCerts: false, acceptSslCerts: false, applicationCacheEnabled: false, browserConnectionEnabled: false, browserName: chrome, chrome: {chromedriverVersion: 2.38.552522 (437e6fbedfa876..., userDataDir: C:\Users\andre\AppData\Loca...}, cssSelectorsEnabled: true, databaseEnabled: false, handlesAlerts: true, hasTouchScreen: false, javascriptEnabled: true, locationContextEnabled: true, mobileEmulationEnabled: false, nativeEvents: true, networkConnectionEnabled: false, pageLoadStrategy: normal, platform: XP, platformName: XP, rotatable: false, setWindowRect: true, takesHeapSnapshot: true, takesScreenshot: true, unexpectedAlertBehaviour: , unhandledPromptBehavior: , version: 66.0.3359.181, webStorageEnabled: true}
Session ID: 440c4688da5812cfb4a3fde8e91c2b0b]]>
            </message>
            <full-stacktrace>
              <![CDATA[org.openqa.selenium.TimeoutException: Expected condition failed: waiting for invisibility of [[ChromeDriver: chrome on XP (440c4688da5812cfb4a3fde8e91c2b0b)] -> xpath: //*[@id="viewTraineeModal"]] (tried for 5 second(s) with 500 MILLISECONDS interval)
Build info: version: '3.8.1', revision: '6e95a6684b', time: '2017-12-01T18:33:54.468Z'
System info: host: 'LAPTOP-Q4VAUUHH', ip: '192.168.0.10', os.name: 'Windows 10', os.arch: 'amd64', os.version: '10.0', java.version: '1.8.0_171'
Driver info: org.openqa.selenium.chrome.ChromeDriver
Capabilities {acceptInsecureCerts: false, acceptSslCerts: false, applicationCacheEnabled: false, browserConnectionEnabled: false, browserName: chrome, chrome: {chromedriverVersion: 2.38.552522 (437e6fbedfa876..., userDataDir: C:\Users\andre\AppData\Loca...}, cssSelectorsEnabled: true, databaseEnabled: false, handlesAlerts: true, hasTouchScreen: false, javascriptEnabled: true, locationContextEnabled: true, mobileEmulationEnabled: false, nativeEvents: true, networkConnectionEnabled: false, pageLoadStrategy: normal, platform: XP, platformName: XP, rotatable: false, setWindowRect: true, takesHeapSnapshot: true, takesScreenshot: true, unexpectedAlertBehaviour: , unhandledPromptBehavior: , version: 66.0.3359.181, webStorageEnabled: true}
Session ID: 440c4688da5812cfb4a3fde8e91c2b0b
	at org.openqa.selenium.support.ui.WebDriverWait.timeoutException(WebDriverWait.java:82)
	at org.openqa.selenium.support.ui.FluentWait.until(FluentWait.java:231)
	at pomtest.ManageTraineeViewTest.modal(ManageTraineeViewTest.java:167)
	at pomtest.ManageTraineeViewTest.close(ManageTraineeViewTest.java:137)
	at sun.reflect.NativeMethodAccessorImpl.invoke0(Native Method)
	at sun.reflect.NativeMethodAccessorImpl.invoke(Unknown Source)
	at sun.reflect.DelegatingMethodAccessorImpl.invoke(Unknown Source)
	at java.lang.reflect.Method.invoke(Unknown Source)
	at org.testng.internal.MethodInvocationHelper.invokeMethod(MethodInvocationHelper.java:86)
	at org.testng.internal.Invoker.invokeMethod(Invoker.java:643)
	at org.testng.internal.Invoker.invokeTestMethod(Invoker.java:820)
	at org.testng.internal.Invoker.invokeTestMethods(Invoker.java:1128)
	at org.testng.internal.TestMethodWorker.invokeTestMethods(TestMethodWorker.java:129)
	at org.testng.internal.TestMethodWorker.run(TestMethodWorker.java:112)
	at org.testng.TestRunner.privateRun(TestRunner.java:782)
	at org.testng.TestRunner.run(TestRunner.java:632)
	at org.testng.SuiteRunner.runTest(SuiteRunner.java:366)
	at org.testng.SuiteRunner.runSequentially(SuiteRunner.java:361)
	at org.testng.SuiteRunner.privateRun(SuiteRunner.java:319)
	at org.testng.SuiteRunner.run(SuiteRunner.java:268)
	at org.testng.SuiteRunnerWorker.runSuite(SuiteRunnerWorker.java:52)
	at org.testng.SuiteRunnerWorker.run(SuiteRunnerWorker.java:86)
	at org.testng.TestNG.runSuitesSequentially(TestNG.java:1244)
	at org.testng.TestNG.runSuitesSequentially(TestNG.java:1240)
	at org.testng.TestNG.runSuitesLocally(TestNG.java:1169)
	at org.testng.TestNG.run(TestNG.java:1064)
	at org.testng.remote.AbstractRemoteTestNG.run(AbstractRemoteTestNG.java:114)
	at org.testng.remote.RemoteTestNG.initAndRun(RemoteTestNG.java:251)
	at org.testng.remote.RemoteTestNG.main(RemoteTestNG.java:77)
]]>
            </full-stacktrace>
          </exception> <!-- org.openqa.selenium.TimeoutException -->
          <reporter-output>
          </reporter-output>
        </test-method> <!-- close -->
        <test-method status="FAIL" signature="x()[pri:18, instance:pomtest.ManageTraineeViewTest@2038ae61]" name="x" duration-ms="5231" started-at="2018-05-30T20:39:13Z" finished-at="2018-05-30T20:39:18Z">
          <exception class="org.openqa.selenium.TimeoutException">
            <message>
              <![CDATA[Expected condition failed: waiting for invisibility of [[ChromeDriver: chrome on XP (440c4688da5812cfb4a3fde8e91c2b0b)] -> xpath: //*[@id="viewTraineeModal"]] (tried for 5 second(s) with 500 MILLISECONDS interval)
Build info: version: '3.8.1', revision: '6e95a6684b', time: '2017-12-01T18:33:54.468Z'
System info: host: 'LAPTOP-Q4VAUUHH', ip: '192.168.0.10', os.name: 'Windows 10', os.arch: 'amd64', os.version: '10.0', java.version: '1.8.0_171'
Driver info: org.openqa.selenium.chrome.ChromeDriver
Capabilities {acceptInsecureCerts: false, acceptSslCerts: false, applicationCacheEnabled: false, browserConnectionEnabled: false, browserName: chrome, chrome: {chromedriverVersion: 2.38.552522 (437e6fbedfa876..., userDataDir: C:\Users\andre\AppData\Loca...}, cssSelectorsEnabled: true, databaseEnabled: false, handlesAlerts: true, hasTouchScreen: false, javascriptEnabled: true, locationContextEnabled: true, mobileEmulationEnabled: false, nativeEvents: true, networkConnectionEnabled: false, pageLoadStrategy: normal, platform: XP, platformName: XP, rotatable: false, setWindowRect: true, takesHeapSnapshot: true, takesScreenshot: true, unexpectedAlertBehaviour: , unhandledPromptBehavior: , version: 66.0.3359.181, webStorageEnabled: true}
Session ID: 440c4688da5812cfb4a3fde8e91c2b0b]]>
            </message>
            <full-stacktrace>
              <![CDATA[org.openqa.selenium.TimeoutException: Expected condition failed: waiting for invisibility of [[ChromeDriver: chrome on XP (440c4688da5812cfb4a3fde8e91c2b0b)] -> xpath: //*[@id="viewTraineeModal"]] (tried for 5 second(s) with 500 MILLISECONDS interval)
Build info: version: '3.8.1', revision: '6e95a6684b', time: '2017-12-01T18:33:54.468Z'
System info: host: 'LAPTOP-Q4VAUUHH', ip: '192.168.0.10', os.name: 'Windows 10', os.arch: 'amd64', os.version: '10.0', java.version: '1.8.0_171'
Driver info: org.openqa.selenium.chrome.ChromeDriver
Capabilities {acceptInsecureCerts: false, acceptSslCerts: false, applicationCacheEnabled: false, browserConnectionEnabled: false, browserName: chrome, chrome: {chromedriverVersion: 2.38.552522 (437e6fbedfa876..., userDataDir: C:\Users\andre\AppData\Loca...}, cssSelectorsEnabled: true, databaseEnabled: false, handlesAlerts: true, hasTouchScreen: false, javascriptEnabled: true, locationContextEnabled: true, mobileEmulationEnabled: false, nativeEvents: true, networkConnectionEnabled: false, pageLoadStrategy: normal, platform: XP, platformName: XP, rotatable: false, setWindowRect: true, takesHeapSnapshot: true, takesScreenshot: true, unexpectedAlertBehaviour: , unhandledPromptBehavior: , version: 66.0.3359.181, webStorageEnabled: true}
Session ID: 440c4688da5812cfb4a3fde8e91c2b0b
	at org.openqa.selenium.support.ui.WebDriverWait.timeoutException(WebDriverWait.java:82)
	at org.openqa.selenium.support.ui.FluentWait.until(FluentWait.java:231)
	at pomtest.ManageTraineeViewTest.modal(ManageTraineeViewTest.java:167)
	at pomtest.ManageTraineeViewTest.x(ManageTraineeViewTest.java:149)
	at sun.reflect.NativeMethodAccessorImpl.invoke0(Native Method)
	at sun.reflect.NativeMethodAccessorImpl.invoke(Unknown Source)
	at sun.reflect.DelegatingMethodAccessorImpl.invoke(Unknown Source)
	at java.lang.reflect.Method.invoke(Unknown Source)
	at org.testng.internal.MethodInvocationHelper.invokeMethod(MethodInvocationHelper.java:86)
	at org.testng.internal.Invoker.invokeMethod(Invoker.java:643)
	at org.testng.internal.Invoker.invokeTestMethod(Invoker.java:820)
	at org.testng.internal.Invoker.invokeTestMethods(Invoker.java:1128)
	at org.testng.internal.TestMethodWorker.invokeTestMethods(TestMethodWorker.java:129)
	at org.testng.internal.TestMethodWorker.run(TestMethodWorker.java:112)
	at org.testng.TestRunner.privateRun(TestRunner.java:782)
	at org.testng.TestRunner.run(TestRunner.java:632)
	at org.testng.SuiteRunner.runTest(SuiteRunner.java:366)
	at org.testng.SuiteRunner.runSequentially(SuiteRunner.java:361)
	at org.testng.SuiteRunner.privateRun(SuiteRunner.java:319)
	at org.testng.SuiteRunner.run(SuiteRunner.java:268)
	at org.testng.SuiteRunnerWorker.runSuite(SuiteRunnerWorker.java:52)
	at org.testng.SuiteRunnerWorker.run(SuiteRunnerWorker.java:86)
	at org.testng.TestNG.runSuitesSequentially(TestNG.java:1244)
	at org.testng.TestNG.runSuitesSequentially(TestNG.java:1240)
	at org.testng.TestNG.runSuitesLocally(TestNG.java:1169)
	at org.testng.TestNG.run(TestNG.java:1064)
	at org.testng.remote.AbstractRemoteTestNG.run(AbstractRemoteTestNG.java:114)
	at org.testng.remote.RemoteTestNG.initAndRun(RemoteTestNG.java:251)
	at org.testng.remote.RemoteTestNG.main(RemoteTestNG.java:77)
]]>
            </full-stacktrace>
          </exception> <!-- org.openqa.selenium.TimeoutException -->
          <reporter-output>
          </reporter-output>
        </test-method> <!-- x -->
      </class> <!-- pomtest.ManageTraineeViewTest -->
    </test> <!-- managebatch>viewtrainee -->
  </suite> <!-- pommanagetraineeview -->
  <suite name="caliber" duration-ms="0" started-at="2018-05-31T00:39:19Z" finished-at="2018-05-31T00:39:19Z">
    <groups>
    </groups>
  </suite> <!-- caliber -->
  <suite name="pommanage" duration-ms="2850" started-at="2018-05-31T00:38:17Z" finished-at="2018-05-31T00:38:20Z">
    <groups>
    </groups>
    <test name="managebatch" duration-ms="2850" started-at="2018-05-31T00:38:17Z" finished-at="2018-05-31T00:38:20Z">
      <class name="pomtest.ManageTest">
        <test-method status="PASS" signature="beforeSuite()[pri:0, instance:pomtest.ManageTest@4566e5bd]" name="beforeSuite" is-config="true" duration-ms="7897" started-at="2018-05-30T20:38:09Z" finished-at="2018-05-30T20:38:17Z">
          <reporter-output>
          </reporter-output>
        </test-method> <!-- beforeSuite -->
        <test-method status="PASS" signature="clickYear()[pri:1, instance:pomtest.ManageTest@4566e5bd]" name="clickYear" duration-ms="533" started-at="2018-05-30T20:38:17Z" finished-at="2018-05-30T20:38:17Z">
          <reporter-output>
          </reporter-output>
        </test-method> <!-- clickYear -->
        <test-method status="PASS" signature="clickCreateBatch()[pri:2, instance:pomtest.ManageTest@4566e5bd]" name="clickCreateBatch" duration-ms="956" started-at="2018-05-30T20:38:17Z" finished-at="2018-05-30T20:38:18Z">
          <reporter-output>
          </reporter-output>
        </test-method> <!-- clickCreateBatch -->
        <test-method status="PASS" signature="clickImportBatch()[pri:3, instance:pomtest.ManageTest@4566e5bd]" name="clickImportBatch" duration-ms="1356" started-at="2018-05-30T20:38:18Z" finished-at="2018-05-30T20:38:20Z">
          <reporter-output>
          </reporter-output>
        </test-method> <!-- clickImportBatch -->
        <test-method status="PASS" signature="afterSuite()[pri:0, instance:pomtest.ManageTest@4566e5bd]" name="afterSuite" is-config="true" duration-ms="810" started-at="2018-05-30T20:38:20Z" finished-at="2018-05-30T20:38:21Z">
          <reporter-output>
          </reporter-output>
        </test-method> <!-- afterSuite -->
      </class> <!-- pomtest.ManageTest -->
    </test> <!-- managebatch -->
  </suite> <!-- pommanage -->
  <suite name="pomhome" duration-ms="6750" started-at="2018-05-31T00:38:01Z" finished-at="2018-05-31T00:38:08Z">
    <groups>
    </groups>
    <test name="home" duration-ms="6750" started-at="2018-05-31T00:38:01Z" finished-at="2018-05-31T00:38:08Z">
      <class name="pomtest.HomeTest">
        <test-method status="PASS" signature="beforeSuite()[pri:0, instance:pomtest.HomeTest@7085bdee]" name="beforeSuite" is-config="true" duration-ms="3398" started-at="2018-05-30T20:37:58Z" finished-at="2018-05-30T20:38:01Z">
          <reporter-output>
          </reporter-output>
        </test-method> <!-- beforeSuite -->
        <test-method status="PASS" signature="goHome()[pri:1, instance:pomtest.HomeTest@7085bdee]" name="goHome" duration-ms="4149" started-at="2018-05-30T20:38:01Z" finished-at="2018-05-30T20:38:06Z">
          <reporter-output>
          </reporter-output>
        </test-method> <!-- goHome -->
        <test-method status="PASS" signature="clickHome()[pri:2, instance:pomtest.HomeTest@7085bdee]" name="clickHome" duration-ms="732" started-at="2018-05-30T20:38:06Z" finished-at="2018-05-30T20:38:06Z">
          <reporter-output>
          </reporter-output>
        </test-method> <!-- clickHome -->
        <test-method status="PASS" signature="clickManageBatch()[pri:3, instance:pomtest.HomeTest@7085bdee]" name="clickManageBatch" duration-ms="908" started-at="2018-05-30T20:38:06Z" finished-at="2018-05-30T20:38:07Z">
          <reporter-output>
          </reporter-output>
        </test-method> <!-- clickManageBatch -->
        <test-method status="PASS" signature="clickAssessBatch()[pri:4, instance:pomtest.HomeTest@7085bdee]" name="clickAssessBatch" duration-ms="610" started-at="2018-05-30T20:38:07Z" finished-at="2018-05-30T20:38:08Z">
          <reporter-output>
          </reporter-output>
        </test-method> <!-- clickAssessBatch -->
        <test-method status="PASS" signature="clickReports()[pri:5, instance:pomtest.HomeTest@7085bdee]" name="clickReports" duration-ms="330" started-at="2018-05-30T20:38:08Z" finished-at="2018-05-30T20:38:08Z">
          <reporter-output>
          </reporter-output>
        </test-method> <!-- clickReports -->
        <test-method status="PASS" signature="afterSuite()[pri:0, instance:pomtest.HomeTest@7085bdee]" name="afterSuite" is-config="true" duration-ms="770" started-at="2018-05-30T20:38:08Z" finished-at="2018-05-30T20:38:09Z">
          <reporter-output>
          </reporter-output>
        </test-method> <!-- afterSuite -->
      </class> <!-- pomtest.HomeTest -->
    </test> <!-- home -->
  </suite> <!-- pomhome -->
</testng-results>
