<?xml version="1.0" encoding="UTF-8"?>
<!-- Generated by org.testng.reporters.JUnitXMLReporter -->
<testsuite hostname="LAPTOP-Q4VAUUHH" name="Default test" tests="105" failures="0" timestamp="27 May 2018 18:30:01 GMT" time="13.312" errors="0">
  <testcase name="inputName" time="0.345" classname="pomtest.ManageCreateTest"/>
  <testcase name="selectTraining" time="0.181" classname="pomtest.ManageCreateTest"/>
  <testcase name="selectTraining" time="0.161" classname="pomtest.ManageCreateTest"/>
  <testcase name="selectTraining" time="0.119" classname="pomtest.ManageCreateTest"/>
  <testcase name="selectTraining" time="0.095" classname="pomtest.ManageCreateTest"/>
  <testcase name="selectSkill" time="0.105" classname="pomtest.ManageCreateTest"/>
  <testcase name="selectSkill" time="0.121" classname="pomtest.ManageCreateTest"/>
  <testcase name="selectSkill" time="0.112" classname="pomtest.ManageCreateTest"/>
  <testcase name="selectSkill" time="0.116" classname="pomtest.ManageCreateTest"/>
  <testcase name="selectSkill" time="0.091" classname="pomtest.ManageCreateTest"/>
  <testcase name="selectSkill" time="0.1" classname="pomtest.ManageCreateTest"/>
  <testcase name="selectSkill" time="0.086" classname="pomtest.ManageCreateTest"/>
  <testcase name="selectSkill" time="0.089" classname="pomtest.ManageCreateTest"/>
  <testcase name="selectSkill" time="0.092" classname="pomtest.ManageCreateTest"/>
  <testcase name="selectSkill" time="0.087" classname="pomtest.ManageCreateTest"/>
  <testcase name="selectSkill" time="0.09" classname="pomtest.ManageCreateTest"/>
  <testcase name="selectSkill" time="0.09" classname="pomtest.ManageCreateTest"/>
  <testcase name="selectSkill" time="0.09" classname="pomtest.ManageCreateTest"/>
  <testcase name="selectSkill" time="0.092" classname="pomtest.ManageCreateTest"/>
  <testcase name="selectSkill" time="0.096" classname="pomtest.ManageCreateTest"/>
  <testcase name="selectLocation" time="0.133" classname="pomtest.ManageCreateTest"/>
  <testcase name="selectLocation" time="0.13" classname="pomtest.ManageCreateTest"/>
  <testcase name="selectTrainer" time="0.117" classname="pomtest.ManageCreateTest"/>
  <testcase name="selectTrainer" time="0.111" classname="pomtest.ManageCreateTest"/>
  <testcase name="selectTrainer" time="0.099" classname="pomtest.ManageCreateTest"/>
  <testcase name="selectTrainer" time="0.09" classname="pomtest.ManageCreateTest"/>
  <testcase name="selectTrainer" time="0.089" classname="pomtest.ManageCreateTest"/>
  <testcase name="selectTrainer" time="0.105" classname="pomtest.ManageCreateTest"/>
  <testcase name="selectTrainer" time="0.094" classname="pomtest.ManageCreateTest"/>
  <testcase name="selectTrainer" time="0.089" classname="pomtest.ManageCreateTest"/>
  <testcase name="selectTrainer" time="0.111" classname="pomtest.ManageCreateTest"/>
  <testcase name="selectTrainer" time="0.091" classname="pomtest.ManageCreateTest"/>
  <testcase name="selectTrainer" time="0.088" classname="pomtest.ManageCreateTest"/>
  <testcase name="selectTrainer" time="0.093" classname="pomtest.ManageCreateTest"/>
  <testcase name="selectTrainer" time="0.088" classname="pomtest.ManageCreateTest"/>
  <testcase name="selectTrainer" time="0.087" classname="pomtest.ManageCreateTest"/>
  <testcase name="selectTrainer" time="0.086" classname="pomtest.ManageCreateTest"/>
  <testcase name="selectTrainer" time="0.091" classname="pomtest.ManageCreateTest"/>
  <testcase name="selectTrainer" time="0.087" classname="pomtest.ManageCreateTest"/>
  <testcase name="selectTrainer" time="0.087" classname="pomtest.ManageCreateTest"/>
  <testcase name="selectTrainer" time="0.086" classname="pomtest.ManageCreateTest"/>
  <testcase name="selectTrainer" time="0.092" classname="pomtest.ManageCreateTest"/>
  <testcase name="selectTrainer" time="0.069" classname="pomtest.ManageCreateTest"/>
  <testcase name="selectTrainer" time="0.064" classname="pomtest.ManageCreateTest"/>
  <testcase name="selectTrainer" time="0.088" classname="pomtest.ManageCreateTest"/>
  <testcase name="selectTrainer" time="0.085" classname="pomtest.ManageCreateTest"/>
  <testcase name="selectTrainer" time="0.089" classname="pomtest.ManageCreateTest"/>
  <testcase name="selectTrainer" time="0.084" classname="pomtest.ManageCreateTest"/>
  <testcase name="selectTrainer" time="0.061" classname="pomtest.ManageCreateTest"/>
  <testcase name="selectTrainer" time="0.059" classname="pomtest.ManageCreateTest"/>
  <testcase name="selectTrainer" time="0.057" classname="pomtest.ManageCreateTest"/>
  <testcase name="selectTrainer" time="0.089" classname="pomtest.ManageCreateTest"/>
  <testcase name="selectTrainer" time="0.09" classname="pomtest.ManageCreateTest"/>
  <testcase name="selectTrainer" time="0.087" classname="pomtest.ManageCreateTest"/>
  <testcase name="selectTrainer" time="0.088" classname="pomtest.ManageCreateTest"/>
  <testcase name="selectTrainer" time="0.082" classname="pomtest.ManageCreateTest"/>
  <testcase name="selectTrainer" time="0.086" classname="pomtest.ManageCreateTest"/>
  <testcase name="selectTrainer" time="0.087" classname="pomtest.ManageCreateTest"/>
  <testcase name="selectTrainer" time="0.085" classname="pomtest.ManageCreateTest"/>
  <testcase name="selectTrainer" time="0.09" classname="pomtest.ManageCreateTest"/>
  <testcase name="selectCotrainer" time="0.1" classname="pomtest.ManageCreateTest"/>
  <testcase name="selectCotrainer" time="0.134" classname="pomtest.ManageCreateTest"/>
  <testcase name="selectCotrainer" time="0.093" classname="pomtest.ManageCreateTest"/>
  <testcase name="selectCotrainer" time="0.093" classname="pomtest.ManageCreateTest"/>
  <testcase name="selectCotrainer" time="0.082" classname="pomtest.ManageCreateTest"/>
  <testcase name="selectCotrainer" time="0.087" classname="pomtest.ManageCreateTest"/>
  <testcase name="selectCotrainer" time="0.084" classname="pomtest.ManageCreateTest"/>
  <testcase name="selectCotrainer" time="0.091" classname="pomtest.ManageCreateTest"/>
  <testcase name="selectCotrainer" time="0.09" classname="pomtest.ManageCreateTest"/>
  <testcase name="selectCotrainer" time="0.093" classname="pomtest.ManageCreateTest"/>
  <testcase name="selectCotrainer" time="0.094" classname="pomtest.ManageCreateTest"/>
  <testcase name="selectCotrainer" time="0.084" classname="pomtest.ManageCreateTest"/>
  <testcase name="selectCotrainer" time="0.095" classname="pomtest.ManageCreateTest"/>
  <testcase name="selectCotrainer" time="0.089" classname="pomtest.ManageCreateTest"/>
  <testcase name="selectCotrainer" time="0.102" classname="pomtest.ManageCreateTest"/>
  <testcase name="selectCotrainer" time="0.085" classname="pomtest.ManageCreateTest"/>
  <testcase name="selectCotrainer" time="0.089" classname="pomtest.ManageCreateTest"/>
  <testcase name="selectCotrainer" time="0.09" classname="pomtest.ManageCreateTest"/>
  <testcase name="selectCotrainer" time="0.096" classname="pomtest.ManageCreateTest"/>
  <testcase name="selectCotrainer" time="0.11" classname="pomtest.ManageCreateTest"/>
  <testcase name="selectCotrainer" time="0.071" classname="pomtest.ManageCreateTest"/>
  <testcase name="selectCotrainer" time="0.053" classname="pomtest.ManageCreateTest"/>
  <testcase name="selectCotrainer" time="0.086" classname="pomtest.ManageCreateTest"/>
  <testcase name="selectCotrainer" time="0.088" classname="pomtest.ManageCreateTest"/>
  <testcase name="selectCotrainer" time="0.102" classname="pomtest.ManageCreateTest"/>
  <testcase name="selectCotrainer" time="0.095" classname="pomtest.ManageCreateTest"/>
  <testcase name="selectCotrainer" time="0.06" classname="pomtest.ManageCreateTest"/>
  <testcase name="selectCotrainer" time="0.057" classname="pomtest.ManageCreateTest"/>
  <testcase name="selectCotrainer" time="0.058" classname="pomtest.ManageCreateTest"/>
  <testcase name="selectCotrainer" time="0.091" classname="pomtest.ManageCreateTest"/>
  <testcase name="selectCotrainer" time="0.083" classname="pomtest.ManageCreateTest"/>
  <testcase name="selectCotrainer" time="0.088" classname="pomtest.ManageCreateTest"/>
  <testcase name="selectCotrainer" time="0.086" classname="pomtest.ManageCreateTest"/>
  <testcase name="selectCotrainer" time="0.101" classname="pomtest.ManageCreateTest"/>
  <testcase name="selectCotrainer" time="0.098" classname="pomtest.ManageCreateTest"/>
  <testcase name="selectCotrainer" time="0.094" classname="pomtest.ManageCreateTest"/>
  <testcase name="selectCotrainer" time="0.096" classname="pomtest.ManageCreateTest"/>
  <testcase name="selectCotrainer" time="0.089" classname="pomtest.ManageCreateTest"/>
  <testcase name="selectStart" time="0.151" classname="pomtest.ManageCreateTest"/>
  <testcase name="selectEnd" time="0.151" classname="pomtest.ManageCreateTest"/>
  <testcase name="inputGood" time="0.126" classname="pomtest.ManageCreateTest"/>
  <testcase name="inputPassing" time="0.11" classname="pomtest.ManageCreateTest"/>
  <testcase name="buttonSave" time="0.097" classname="pomtest.ManageCreateTest"/>
  <testcase name="buttonClose" time="1.36" classname="pomtest.ManageCreateTest"/>
  <testcase name="buttonX" time="1.859" classname="pomtest.ManageCreateTest"/>
</testsuite> <!-- Default test -->
