<?xml version="1.0" encoding="UTF-8"?>
<!-- Generated by org.testng.reporters.JUnitXMLReporter -->
<testsuite hostname="LAPTOP-Q4VAUUHH" name="Default test" tests="3" failures="0" timestamp="27 May 2018 21:47:57 GMT" time="2.822" errors="0">
  <testcase name="clickYear" time="0.661" classname="pomtest.ManageTest"/>
  <testcase name="clickCreateBatch" time="0.791" classname="pomtest.ManageTest"/>
  <testcase name="clickImportBatch" time="1.349" classname="pomtest.ManageTest"/>
</testsuite> <!-- Default test -->
